#
# A fatal error has been detected by the Java Runtime Environment:
#
#  EXCEPTION_ACCESS_VIOLATION (0xc0000005) at pc=0x617493cd, pid=14268, tid=0x00002ef8
#
# JRE version: Java(TM) SE Runtime Environment (8.0_92-b14) (build 1.8.0_92-b14)
# Java VM: Java HotSpot(TM) Client VM (25.92-b14 mixed mode windows-x86 )
# Problematic frame:
# C  [listSerialsj.dll+0x93cd]
#
# Failed to write core dump. Minidumps are not enabled by default on client versions of Windows
#
# If you would like to submit a bug report, please visit:
#   http://bugreport.java.com/bugreport/crash.jsp
# The crash happened outside the Java Virtual Machine in native code.
# See problematic frame for where to report the bug.
#

---------------  T H R E A D  ---------------

Current thread (0x277b2800):  JavaThread "cc.arduino.packages.discoverers.serial.SerialBoardsLister" [_thread_in_native, id=12024, stack(0x2a560000,0x2a5b0000)]

siginfo: ExceptionCode=0xc0000005, writing address 0x00000000

Registers:
EAX=0x00000000, EBX=0x000015c4, ECX=0x00000000, EDX=0x00000001
ESP=0x2a5aeb70, EBP=0x2a5aefc8, ESI=0x00000001, EDI=0x01029d70
EIP=0x617493cd, EFLAGS=0x00010246

Top of Stack: (sp=0x2a5aeb70)
0x2a5aeb70:   288b14d8 0000002e 00000002 00000000
0x2a5aeb80:   00000003 00000000 00000000 00000000
0x2a5aeb90:   2a5aec30 02dc2850 0000006c 74a8a540
0x2a5aeba0:   01123218 005aebf4 01029c88 00000068
0x2a5aebb0:   2a5aec30 5ca4631b 0000003b 00000002
0x2a5aebc0:   00000001 0000006c 0000000a 0000008e
0x2a5aebd0:   008e0001 00000000 354d4f43 005af000
0x2a5aebe0:   00425355 2a5aedf4 5cb9d2d2 2a5aee94 

Instructions: (pc=0x617493cd)
0x617493ad:   8b 45 08 8b 90 94 00 00 00 85 d2 74 16 8b 40 2c
0x617493bd:   c7 44 24 04 2e 00 00 00 89 04 24 e8 73 14 00 00
0x617493cd:   c6 00 00 8d 85 04 fc ff ff 89 44 24 18 8d 85 0a
0x617493dd:   fc ff ff 89 44 24 10 a1 e4 01 75 61 c7 85 04 fc 


Register to memory mapping:

EAX=0x00000000 is an unknown value
EBX=0x000015c4 is an unknown value
ECX=0x00000000 is an unknown value
EDX=0x00000001 is an unknown value
ESP=0x2a5aeb70 is pointing into the stack for thread: 0x277b2800
EBP=0x2a5aefc8 is pointing into the stack for thread: 0x277b2800
ESI=0x00000001 is an unknown value
EDI=0x01029d70 is an unknown value


Stack: [0x2a560000,0x2a5b0000],  sp=0x2a5aeb70,  free space=314k
Native frames: (J=compiled Java code, j=interpreted, Vv=VM code, C=native code)
C  [listSerialsj.dll+0x93cd]
C  [listSerialsj.dll+0x2211]

Java frames: (J=compiled Java code, j=interpreted, Vv=VM code)
J 4792  processing.app.Platform.listSerialsNative()[Ljava/lang/String; (0 bytes) @ 0x0313eacf [0x0313ea90+0x3f]
J 4795 C1 cc.arduino.packages.discoverers.serial.SerialBoardsLister.retriggerDiscovery(Z)V (751 bytes) @ 0x02d93de4 [0x02d93c90+0x154]
J 4796 C1 cc.arduino.packages.discoverers.serial.SerialBoardsLister.run()V (13 bytes) @ 0x02cd7c14 [0x02cd7bd0+0x44]
J 4794% C1 java.util.TimerThread.mainLoop()V (232 bytes) @ 0x030f4594 [0x030f4160+0x434]
j  java.util.TimerThread.run()V+1
v  ~StubRoutines::call_stub

---------------  P R O C E S S  ---------------

Java Threads: ( => current thread )
  0x27865c00 JavaThread "JmDNS(100-64-186-10.local.).Timer" daemon [_thread_blocked, id=12376, stack(0x2bfb0000,0x2c000000)]
  0x27864800 JavaThread "JmDNS(100-64-186-10.local.).State.Timer" [_thread_blocked, id=11724, stack(0x2bf20000,0x2bf70000)]
  0x27865400 JavaThread "JmDNS(100-64-186-10.local.).Timer" daemon [_thread_blocked, id=12104, stack(0x2be90000,0x2bee0000)]
  0x27864000 JavaThread "SocketListener(100-64-186-10.local.)" daemon [_thread_in_native, id=6688, stack(0x2be00000,0x2be50000)]
  0x275eac00 JavaThread "JmDNS(100-64-186-10.local.).Timer" daemon [_thread_blocked, id=8324, stack(0x2bb30000,0x2bb80000)]
  0x275ee400 JavaThread "JmDNS(100-64-186-10.local.).State.Timer" [_thread_blocked, id=8368, stack(0x2baa0000,0x2baf0000)]
  0x275ee000 JavaThread "JmDNS(100-64-186-10.local.).Timer" daemon [_thread_blocked, id=10472, stack(0x2ba10000,0x2ba60000)]
  0x275e9800 JavaThread "SocketListener(100-64-186-10.local.)" daemon [_thread_in_native, id=10996, stack(0x2b980000,0x2b9d0000)]
  0x275ea000 JavaThread "JmDNS(100-64-186-10.local.).Timer" daemon [_thread_blocked, id=13924, stack(0x2b8f0000,0x2b940000)]
  0x275f1000 JavaThread "JmDNS(100-64-186-10.local.).State.Timer" [_thread_blocked, id=11312, stack(0x2b860000,0x2b8b0000)]
  0x275f0c00 JavaThread "JmDNS(100-64-186-10.local.).Timer" daemon [_thread_blocked, id=9332, stack(0x2b7d0000,0x2b820000)]
  0x275f0400 JavaThread "SocketListener(100-64-186-10.local.)" daemon [_thread_in_native, id=1056, stack(0x2b740000,0x2b790000)]
  0x28eb9000 JavaThread "JmDNS(fe80:0:0:0:ed76:8948:b7f9:dea5%wlan0.local.).Timer" daemon [_thread_blocked, id=8072, stack(0x2a830000,0x2a880000)]
  0x28ebcc00 JavaThread "JmDNS(fe80:0:0:0:ed76:8948:b7f9:dea5%wlan0.local.).State.Timer" [_thread_blocked, id=8208, stack(0x28b00000,0x28b50000)]
  0x28ebc800 JavaThread "JmDNS(fe80:0:0:0:ed76:8948:b7f9:dea5%wlan0.local.).Timer" daemon [_thread_blocked, id=10808, stack(0x26cb0000,0x26d00000)]
  0x28ebec00 JavaThread "SocketListener(fe80:0:0:0:ed76:8948:b7f9:dea5%wlan0.local.)" daemon [_thread_in_native, id=9868, stack(0x26c20000,0x26c70000)]
  0x28eba800 JavaThread "JmDNS(fe80:0:0:0:ed76:8948:b7f9:dea5%wlan0.local.).Timer" daemon [_thread_blocked, id=6748, stack(0x26b90000,0x26be0000)]
  0x28ebc000 JavaThread "JmDNS(fe80:0:0:0:ed76:8948:b7f9:dea5%wlan0.local.).State.Timer" [_thread_blocked, id=8660, stack(0x26b00000,0x26b50000)]
  0x28ebbc00 JavaThread "JmDNS(fe80:0:0:0:ed76:8948:b7f9:dea5%wlan0.local.).Timer" daemon [_thread_blocked, id=4552, stack(0x26a70000,0x26ac0000)]
  0x28eb8800 JavaThread "SocketListener(fe80:0:0:0:ed76:8948:b7f9:dea5%wlan0.local.)" daemon [_thread_in_native, id=9144, stack(0x269e0000,0x26a30000)]
  0x28ebe000 JavaThread "JmDNS(100-64-186-10.local.).Timer" daemon [_thread_blocked, id=4624, stack(0x26950000,0x269a0000)]
  0x27579c00 JavaThread "JmDNS(100-64-186-10.local.).State.Timer" [_thread_blocked, id=6744, stack(0x268c0000,0x26910000)]
  0x27577000 JavaThread "JmDNS(100-64-186-10.local.).Timer" daemon [_thread_blocked, id=9488, stack(0x26830000,0x26880000)]
  0x277b4800 JavaThread "SocketListener(100-64-186-10.local.)" daemon [_thread_in_native, id=8444, stack(0x267a0000,0x267f0000)]
  0x277b3400 JavaThread "JmDNS(fe80:0:0:0:ed76:8948:b7f9:dea5%wlan0.local.).Timer" daemon [_thread_blocked, id=12876, stack(0x26710000,0x26760000)]
  0x277b1400 JavaThread "JmDNS(fe80:0:0:0:ed76:8948:b7f9:dea5%wlan0.local.).State.Timer" [_thread_blocked, id=2916, stack(0x26680000,0x266d0000)]
  0x277b1c00 JavaThread "JmDNS(fe80:0:0:0:ed76:8948:b7f9:dea5%wlan0.local.).Timer" daemon [_thread_blocked, id=13476, stack(0x265f0000,0x26640000)]
  0x277b7800 JavaThread "SocketListener(fe80:0:0:0:ed76:8948:b7f9:dea5%wlan0.local.)" daemon [_thread_in_native, id=12048, stack(0x26560000,0x265b0000)]
  0x277b2000 JavaThread "cc.arduino.packages.discoverers.network.BoardReachabilityFilter" [_thread_blocked, id=13604, stack(0x2a7a0000,0x2a7f0000)]
  0x277b8400 JavaThread "cc.arduino.packages.discoverers.network.NetworkChecker" [_thread_blocked, id=5328, stack(0x2a710000,0x2a760000)]
  0x277b3800 JavaThread "cc.arduino.packages.discoverers.serial.SerialBoardsLister" [_thread_in_native, id=11356, stack(0x26f50000,0x26fa0000)]
  0x277b2c00 JavaThread "cc.arduino.packages.discoverers.network.BoardReachabilityFilter" [_thread_blocked, id=13236, stack(0x2a680000,0x2a6d0000)]
  0x277b4c00 JavaThread "cc.arduino.packages.discoverers.network.NetworkChecker" [_thread_blocked, id=13860, stack(0x2a5f0000,0x2a640000)]
=>0x277b2800 JavaThread "cc.arduino.packages.discoverers.serial.SerialBoardsLister" [_thread_in_native, id=12024, stack(0x2a560000,0x2a5b0000)]
  0x277b8000 JavaThread "JmDNS(fe80:0:0:0:ed76:8948:b7f9:dea5%wlan0.local.).Timer" daemon [_thread_blocked, id=7536, stack(0x2a2b0000,0x2a300000)]
  0x27577c00 JavaThread "JmDNS(fe80:0:0:0:ed76:8948:b7f9:dea5%wlan0.local.).State.Timer" [_thread_blocked, id=4360, stack(0x2a220000,0x2a270000)]
  0x27576800 JavaThread "JmDNS(fe80:0:0:0:ed76:8948:b7f9:dea5%wlan0.local.).Timer" daemon [_thread_blocked, id=13808, stack(0x2a190000,0x2a1e0000)]
  0x27578400 JavaThread "SocketListener(fe80:0:0:0:ed76:8948:b7f9:dea5%wlan0.local.)" daemon [_thread_in_native, id=13468, stack(0x02a70000,0x02ac0000)]
  0x2757a400 JavaThread "cc.arduino.packages.discoverers.network.BoardReachabilityFilter" [_thread_blocked, id=4388, stack(0x2a100000,0x2a150000)]
  0x27579000 JavaThread "cc.arduino.packages.discoverers.network.NetworkChecker" [_thread_in_native, id=2532, stack(0x28600000,0x28650000)]
  0x27577800 JavaThread "cc.arduino.packages.discoverers.serial.SerialBoardsLister" [_thread_blocked, id=2840, stack(0x28270000,0x282c0000)]
  0x27579400 JavaThread "DestroyJavaVM" [_thread_blocked, id=3292, stack(0x02890000,0x028e0000)]
  0x27578800 JavaThread "TimerQueue" daemon [_thread_blocked, id=12600, stack(0x28690000,0x286e0000)]
  0x25e7b400 JavaThread "Batik CleanerThread" daemon [_thread_blocked, id=7596, stack(0x281e0000,0x28230000)]
  0x2741dc00 JavaThread "AWT-EventQueue-0" [_thread_blocked, id=3284, stack(0x27ff0000,0x28040000)]
  0x2741d800 JavaThread "AWT-Shutdown" [_thread_blocked, id=8480, stack(0x27f60000,0x27fb0000)]
  0x2737a800 JavaThread "cc.arduino.packages.discoverers.network.BoardReachabilityFilter" [_thread_blocked, id=13612, stack(0x27dd0000,0x27e20000)]
  0x27379c00 JavaThread "cc.arduino.packages.discoverers.network.NetworkChecker" [_thread_in_native, id=6204, stack(0x27d40000,0x27d90000)]
  0x27375400 JavaThread "cc.arduino.packages.discoverers.serial.SerialBoardsLister" [_thread_blocked, id=13624, stack(0x27cf0000,0x27d40000)]
  0x25f21000 JavaThread "AWT-Windows" daemon [_thread_in_native, id=2136, stack(0x26400000,0x26450000)]
  0x25ee2800 JavaThread "Java2D Disposer" daemon [_thread_blocked, id=6476, stack(0x262e0000,0x26330000)]
  0x257b0400 JavaThread "Service Thread" daemon [_thread_blocked, id=12096, stack(0x25cd0000,0x25d20000)]
  0x2579d000 JavaThread "C1 CompilerThread0" daemon [_thread_blocked, id=12572, stack(0x25c40000,0x25c90000)]
  0x2579b800 JavaThread "Attach Listener" daemon [_thread_blocked, id=140, stack(0x25bb0000,0x25c00000)]
  0x25797c00 JavaThread "Signal Dispatcher" daemon [_thread_blocked, id=6840, stack(0x25b20000,0x25b70000)]
  0x2577a400 JavaThread "Finalizer" daemon [_thread_blocked, id=932, stack(0x259a0000,0x259f0000)]
  0x25764800 JavaThread "Reference Handler" daemon [_thread_blocked, id=2636, stack(0x04d00000,0x04d50000)]

Other Threads:
  0x02a6e800 VMThread [stack: 0x04d80000,0x04dd0000] [id=10276]
  0x25794c00 WatcherThread [stack: 0x25d60000,0x25db0000] [id=7488]

VM state:not at safepoint (normal execution)

VM Mutex/Monitor currently owned by a thread: None

Heap:
 def new generation   total 39424K, used 8380K [0x04e00000, 0x078c0000, 0x0f8a0000)
  eden space 35072K,  22% used [0x04e00000, 0x055927e8, 0x07040000)
  from space 4352K,  14% used [0x07480000, 0x0751c948, 0x078c0000)
  to   space 4352K,   0% used [0x07040000, 0x07040000, 0x07480000)
 tenured generation   total 87424K, used 50834K [0x0f8a0000, 0x14e00000, 0x24e00000)
   the space 87424K,  58% used [0x0f8a0000, 0x12a44b58, 0x12a44c00, 0x14e00000)
 Metaspace       used 20919K, capacity 21760K, committed 21888K, reserved 21888K

Card table byte_map: [0x24e00000,0x24f10000] byte_map_base: 0x24dd9000

Polling page: 0x00f50000

CodeCache: size=32768Kb used=2538Kb max_used=5893Kb free=30229Kb
 bounds [0x02bc0000, 0x03188000, 0x04bc0000]
 total_blobs=1483 nmethods=1202 adapters=209
 compilation: enabled

Compilation events (10 events):
Event: 2048.382 Thread 0x2579d000 4938             java.net.Inet4Address::hashCode (8 bytes)
Event: 2048.382 Thread 0x2579d000 nmethod 4938 0x02de3908 code [0x02de3a00, 0x02de3a90]
Event: 2061.551 Thread 0x2579d000 4939             java.util.AbstractList::equals (117 bytes)
Event: 2061.552 Thread 0x2579d000 nmethod 4939 0x02dc2408 code [0x02dc2590, 0x02dc284c]
Event: 2313.229 Thread 0x2579d000 4941             java.net.Inet6Address::hashCode (8 bytes)
Event: 2313.230 Thread 0x2579d000 nmethod 4941 0x02de5748 code [0x02de5850, 0x02de58ec]
Event: 2362.765 Thread 0x2579d000 4942   !         cc.arduino.packages.discoverers.network.NetworkChecker::run (143 bytes)
Event: 2362.767 Thread 0x2579d000 nmethod 4942 0x02ca8808 code [0x02ca89d0, 0x02ca8f78]
Event: 2397.782 Thread 0x2579d000 4943             java.util.LinkedHashMap$LinkedValues::size (8 bytes)
Event: 2397.782 Thread 0x2579d000 nmethod 4943 0x02dece88 code [0x02decf80, 0x02ded010]

GC Heap History (10 events):
Event: 376.961 GC heap before
{Heap before GC invocations=14 (full 2):
 def new generation   total 39424K, used 36148K [0x04e00000, 0x078c0000, 0x0f8a0000)
  eden space 35072K,  98% used [0x04e00000, 0x06fa71d0, 0x07040000)
  from space 4352K,  38% used [0x07040000, 0x071e6008, 0x07480000)
  to   space 4352K,   0% used [0x07480000, 0x07480000, 0x078c0000)
 tenured generation   total 87424K, used 34591K [0x0f8a0000, 0x14e00000, 0x24e00000)
   the space 87424K,  39% used [0x0f8a0000, 0x11a67c78, 0x11a67e00, 0x14e00000)
 Metaspace       used 20755K, capacity 21600K, committed 21632K, reserved 21888K
Event: 376.968 GC heap after
Heap after GC invocations=15 (full 2):
 def new generation   total 39424K, used 4114K [0x04e00000, 0x078c0000, 0x0f8a0000)
  eden space 35072K,   0% used [0x04e00000, 0x04e00000, 0x07040000)
  from space 4352K,  94% used [0x07480000, 0x078848f0, 0x078c0000)
  to   space 4352K,   0% used [0x07040000, 0x07040000, 0x07480000)
 tenured generation   total 87424K, used 34591K [0x0f8a0000, 0x14e00000, 0x24e00000)
   the space 87424K,  39% used [0x0f8a0000, 0x11a67c78, 0x11a67e00, 0x14e00000)
 Metaspace       used 20755K, capacity 21600K, committed 21632K, reserved 21888K
}
Event: 378.257 GC heap before
{Heap before GC invocations=15 (full 2):
 def new generation   total 39424K, used 38916K [0x04e00000, 0x078c0000, 0x0f8a0000)
  eden space 35072K,  99% used [0x04e00000, 0x06ffc7f8, 0x07040000)
  from space 4352K,  94% used [0x07480000, 0x078848f0, 0x078c0000)
  to   space 4352K,   0% used [0x07040000, 0x07040000, 0x07480000)
 tenured generation   total 87424K, used 34591K [0x0f8a0000, 0x14e00000, 0x24e00000)
   the space 87424K,  39% used [0x0f8a0000, 0x11a67c78, 0x11a67e00, 0x14e00000)
 Metaspace       used 20755K, capacity 21600K, committed 21632K, reserved 21888K
Event: 378.266 GC heap after
Heap after GC invocations=16 (full 2):
 def new generation   total 39424K, used 4304K [0x04e00000, 0x078c0000, 0x0f8a0000)
  eden space 35072K,   0% used [0x04e00000, 0x04e00000, 0x07040000)
  from space 4352K,  98% used [0x07040000, 0x07474190, 0x07480000)
  to   space 4352K,   0% used [0x07480000, 0x07480000, 0x078c0000)
 tenured generation   total 87424K, used 37782K [0x0f8a0000, 0x14e00000, 0x24e00000)
   the space 87424K,  43% used [0x0f8a0000, 0x11d85af0, 0x11d85c00, 0x14e00000)
 Metaspace       used 20755K, capacity 21600K, committed 21632K, reserved 21888K
}
Event: 378.457 GC heap before
{Heap before GC invocations=16 (full 2):
 def new generation   total 39424K, used 37861K [0x04e00000, 0x078c0000, 0x0f8a0000)
  eden space 35072K,  95% used [0x04e00000, 0x06ec54e8, 0x07040000)
  from space 4352K,  98% used [0x07040000, 0x07474190, 0x07480000)
  to   space 4352K,   0% used [0x07480000, 0x07480000, 0x078c0000)
 tenured generation   total 87424K, used 37782K [0x0f8a0000, 0x14e00000, 0x24e00000)
   the space 87424K,  43% used [0x0f8a0000, 0x11d85af0, 0x11d85c00, 0x14e00000)
 Metaspace       used 20755K, capacity 21600K, committed 21632K, reserved 21888K
Event: 378.462 GC heap after
Heap after GC invocations=17 (full 2):
 def new generation   total 39424K, used 3516K [0x04e00000, 0x078c0000, 0x0f8a0000)
  eden space 35072K,   0% used [0x04e00000, 0x04e00000, 0x07040000)
  from space 4352K,  80% used [0x07480000, 0x077ef080, 0x078c0000)
  to   space 4352K,   0% used [0x07040000, 0x07040000, 0x07480000)
 tenured generation   total 87424K, used 43021K [0x0f8a0000, 0x14e00000, 0x24e00000)
   the space 87424K,  49% used [0x0f8a0000, 0x122a3408, 0x122a3600, 0x14e00000)
 Metaspace       used 20755K, capacity 21600K, committed 21632K, reserved 21888K
}
Event: 385.610 GC heap before
{Heap before GC invocations=17 (full 2):
 def new generation   total 39424K, used 38588K [0x04e00000, 0x078c0000, 0x0f8a0000)
  eden space 35072K, 100% used [0x04e00000, 0x07040000, 0x07040000)
  from space 4352K,  80% used [0x07480000, 0x077ef080, 0x078c0000)
  to   space 4352K,   0% used [0x07040000, 0x07040000, 0x07480000)
 tenured generation   total 87424K, used 43021K [0x0f8a0000, 0x14e00000, 0x24e00000)
   the space 87424K,  49% used [0x0f8a0000, 0x122a3408, 0x122a3600, 0x14e00000)
 Metaspace       used 20755K, capacity 21600K, committed 21632K, reserved 21888K
Event: 385.614 GC heap after
Heap after GC invocations=18 (full 2):
 def new generation   total 39424K, used 3775K [0x04e00000, 0x078c0000, 0x0f8a0000)
  eden space 35072K,   0% used [0x04e00000, 0x04e00000, 0x07040000)
  from space 4352K,  86% used [0x07040000, 0x073efe08, 0x07480000)
  to   space 4352K,   0% used [0x07480000, 0x07480000, 0x078c0000)
 tenured generation   total 87424K, used 47343K [0x0f8a0000, 0x14e00000, 0x24e00000)
   the space 87424K,  54% used [0x0f8a0000, 0x126dbe08, 0x126dc000, 0x14e00000)
 Metaspace       used 20755K, capacity 21600K, committed 21632K, reserved 21888K
}
Event: 2128.902 GC heap before
{Heap before GC invocations=18 (full 2):
 def new generation   total 39424K, used 38847K [0x04e00000, 0x078c0000, 0x0f8a0000)
  eden space 35072K, 100% used [0x04e00000, 0x07040000, 0x07040000)
  from space 4352K,  86% used [0x07040000, 0x073efe08, 0x07480000)
  to   space 4352K,   0% used [0x07480000, 0x07480000, 0x078c0000)
 tenured generation   total 87424K, used 47343K [0x0f8a0000, 0x14e00000, 0x24e00000)
   the space 87424K,  54% used [0x0f8a0000, 0x126dbe08, 0x126dc000, 0x14e00000)
 Metaspace       used 20919K, capacity 21760K, committed 21888K, reserved 21888K
Event: 2128.929 GC heap after
Heap after GC invocations=19 (full 2):
 def new generation   total 39424K, used 626K [0x04e00000, 0x078c0000, 0x0f8a0000)
  eden space 35072K,   0% used [0x04e00000, 0x04e00000, 0x07040000)
  from space 4352K,  14% used [0x07480000, 0x0751c948, 0x078c0000)
  to   space 4352K,   0% used [0x07040000, 0x07040000, 0x07480000)
 tenured generation   total 87424K, used 50834K [0x0f8a0000, 0x14e00000, 0x24e00000)
   the space 87424K,  58% used [0x0f8a0000, 0x12a44b58, 0x12a44c00, 0x14e00000)
 Metaspace       used 20919K, capacity 21760K, committed 21888K, reserved 21888K
}

Deoptimization events (0 events):
No events

Internal exceptions (10 events):
Event: 2265.750 Thread 0x28ebd800 Exception <a 'java/net/SocketException': socket closed> (0x04f8c248) thrown at [C:\workspace\8-2-build-windows-i586-cygwin\jdk8u92\6642\hotspot\src\share\vm\prims\jni.cpp, line 735]
Event: 2266.197 Thread 0x28ebf400 Exception <a 'java/net/SocketException': socket closed> (0x04f88098) thrown at [C:\workspace\8-2-build-windows-i586-cygwin\jdk8u92\6642\hotspot\src\share\vm\prims\jni.cpp, line 735]
Event: 2271.017 Thread 0x277b8400 Exception <a 'java/net/SocketException': error setting options> (0x0501aef8) thrown at [C:\workspace\8-2-build-windows-i586-cygwin\jdk8u92\6642\hotspot\src\share\vm\prims\jni.cpp, line 735]
Event: 2271.018 Thread 0x275ea400 Exception <a 'java/net/SocketException': socket closed> (0x04f79858) thrown at [C:\workspace\8-2-build-windows-i586-cygwin\jdk8u92\6642\hotspot\src\share\vm\prims\jni.cpp, line 735]
Event: 2271.089 Thread 0x277b4c00 Exception <a 'java/net/SocketException': error setting options> (0x04fdf280) thrown at [C:\workspace\8-2-build-windows-i586-cygwin\jdk8u92\6642\hotspot\src\share\vm\prims\jni.cpp, line 735]
Event: 2271.089 Thread 0x27867800 Exception <a 'java/net/SocketException': socket closed> (0x04f718d0) thrown at [C:\workspace\8-2-build-windows-i586-cygwin\jdk8u92\6642\hotspot\src\share\vm\prims\jni.cpp, line 735]
Event: 2271.752 Thread 0x27579000 Exception <a 'java/net/SocketException': error setting options> (0x0507b5f0) thrown at [C:\workspace\8-2-build-windows-i586-cygwin\jdk8u92\6642\hotspot\src\share\vm\prims\jni.cpp, line 735]
Event: 2271.752 Thread 0x27869800 Exception <a 'java/net/SocketException': socket closed> (0x04f75408) thrown at [C:\workspace\8-2-build-windows-i586-cygwin\jdk8u92\6642\hotspot\src\share\vm\prims\jni.cpp, line 735]
Event: 2272.198 Thread 0x27379c00 Exception <a 'java/net/SocketException': error setting options> (0x0502f918) thrown at [C:\workspace\8-2-build-windows-i586-cygwin\jdk8u92\6642\hotspot\src\share\vm\prims\jni.cpp, line 735]
Event: 2272.199 Thread 0x27866c00 Exception <a 'java/net/SocketException': socket closed> (0x04f7c048) thrown at [C:\workspace\8-2-build-windows-i586-cygwin\jdk8u92\6642\hotspot\src\share\vm\prims\jni.cpp, line 735]

Events (10 events):
Event: 2267.198 Thread 0x27864c00 Thread exited: 0x27864c00
Event: 2271.017 Thread 0x275eb800 Thread exited: 0x275eb800
Event: 2271.018 Thread 0x275ea400 Thread exited: 0x275ea400
Event: 2271.089 Thread 0x2786ac00 Thread exited: 0x2786ac00
Event: 2271.090 Thread 0x27867800 Thread exited: 0x27867800
Event: 2271.752 Thread 0x2786b800 Thread exited: 0x2786b800
Event: 2271.752 Thread 0x27869800 Thread exited: 0x27869800
Event: 2272.198 Thread 0x27867400 Thread exited: 0x27867400
Event: 2272.199 Thread 0x27866c00 Thread exited: 0x27866c00
Event: 2397.783 Thread 0x2579d000 flushing nmethod 0x02d7cd08


Dynamic libraries:
0x00070000 - 0x000a3000 	C:\Program Files (x86)\Arduino\java\bin\javaw.exe
0x77100000 - 0x77283000 	C:\WINDOWS\SYSTEM32\ntdll.dll
0x74e70000 - 0x74f50000 	C:\WINDOWS\System32\KERNEL32.DLL
0x75400000 - 0x755a1000 	C:\WINDOWS\System32\KERNELBASE.dll
0x755b0000 - 0x75627000 	C:\WINDOWS\System32\ADVAPI32.dll
0x73e70000 - 0x73f2e000 	C:\WINDOWS\System32\msvcrt.dll
0x75250000 - 0x75291000 	C:\WINDOWS\System32\sechost.dll
0x73be0000 - 0x73ca1000 	C:\WINDOWS\System32\RPCRT4.dll
0x73bc0000 - 0x73bde000 	C:\WINDOWS\System32\SspiCli.dll
0x73bb0000 - 0x73bba000 	C:\WINDOWS\System32\CRYPTBASE.dll
0x74f50000 - 0x74faa000 	C:\WINDOWS\System32\bcryptPrimitives.dll
0x752a0000 - 0x753ff000 	C:\WINDOWS\System32\USER32.dll
0x75a60000 - 0x75a75000 	C:\WINDOWS\System32\win32u.dll
0x75680000 - 0x756ab000 	C:\WINDOWS\System32\GDI32.dll
0x756e0000 - 0x7583b000 	C:\WINDOWS\System32\gdi32full.dll
0x6e2d0000 - 0x6e4da000 	C:\WINDOWS\WinSxS\x86_microsoft.windows.common-controls_6595b64144ccf1df_6.0.14393.447_none_89c64d28dafea4b9\COMCTL32.dll
0x76ee0000 - 0x770f1000 	C:\WINDOWS\System32\combase.dll
0x73d30000 - 0x73e10000 	C:\WINDOWS\System32\ucrtbase.dll
0x756b0000 - 0x756d5000 	C:\WINDOWS\System32\IMM32.DLL
0x60d90000 - 0x60e4f000 	C:\Program Files (x86)\Arduino\java\bin\msvcr100.dll
0x5ca30000 - 0x5cdfb000 	C:\Program Files (x86)\Arduino\java\bin\client\jvm.dll
0x76e60000 - 0x76e66000 	C:\WINDOWS\System32\PSAPI.DLL
0x73b40000 - 0x73b48000 	C:\WINDOWS\SYSTEM32\VERSION.dll
0x70550000 - 0x70574000 	C:\WINDOWS\SYSTEM32\WINMM.dll
0x6e4e0000 - 0x6e4e8000 	C:\WINDOWS\SYSTEM32\WSOCK32.dll
0x76e70000 - 0x76ed3000 	C:\WINDOWS\System32\WS2_32.dll
0x70520000 - 0x70543000 	C:\WINDOWS\SYSTEM32\WINMMBASE.dll
0x74590000 - 0x745c6000 	C:\WINDOWS\System32\cfgmgr32.dll
0x60d50000 - 0x60d81000 	C:\Program Files (x86)\Arduino\java\bin\splashscreen.dll
0x704a0000 - 0x70515000 	C:\WINDOWS\system32\uxtheme.dll
0x60d40000 - 0x60d4c000 	C:\Program Files (x86)\Arduino\java\bin\verify.dll
0x745d0000 - 0x74705000 	C:\WINDOWS\System32\MSCTF.dll
0x74710000 - 0x747a4000 	C:\WINDOWS\System32\OLEAUT32.dll
0x73cb0000 - 0x73d2b000 	C:\WINDOWS\System32\msvcp_win.dll
0x60d10000 - 0x60d31000 	C:\Program Files (x86)\Arduino\java\bin\java.dll
0x60cf0000 - 0x60d03000 	C:\Program Files (x86)\Arduino\java\bin\zip.dll
0x75960000 - 0x7596d000 	C:\WINDOWS\System32\kernel.appcore.dll
0x75a80000 - 0x76e59000 	C:\WINDOWS\System32\SHELL32.dll
0x73f30000 - 0x7449e000 	C:\WINDOWS\System32\windows.storage.dll
0x747b0000 - 0x747f5000 	C:\WINDOWS\System32\powrprof.dll
0x75630000 - 0x75676000 	C:\WINDOWS\System32\shlwapi.dll
0x74800000 - 0x74888000 	C:\WINDOWS\System32\shcore.dll
0x74fc0000 - 0x74fcf000 	C:\WINDOWS\System32\profapi.dll
0x5c8e0000 - 0x5ca25000 	C:\Program Files (x86)\Arduino\java\bin\awt.dll
0x700e0000 - 0x70172000 	C:\WINDOWS\SYSTEM32\apphelp.dll
0x70480000 - 0x7049f000 	C:\WINDOWS\system32\dwmapi.dll
0x75970000 - 0x75a5a000 	C:\WINDOWS\System32\ole32.dll
0x61740000 - 0x6176c000 	C:\Program Files (x86)\Arduino\lib\listSerialsj.dll
0x74a60000 - 0x74e6b000 	C:\WINDOWS\System32\SETUPAPI.dll
0x73160000 - 0x73173000 	C:\WINDOWS\SYSTEM32\CRYPTSP.dll
0x73130000 - 0x7315f000 	C:\WINDOWS\system32\rsaenh.dll
0x73110000 - 0x7312b000 	C:\WINDOWS\SYSTEM32\bcrypt.dll
0x71bf0000 - 0x71c0a000 	C:\WINDOWS\SYSTEM32\USERENV.dll
0x60cd0000 - 0x60ce6000 	C:\Program Files (x86)\Arduino\java\bin\net.dll
0x6ffc0000 - 0x7000e000 	C:\WINDOWS\system32\mswsock.dll
0x71c70000 - 0x71c9f000 	C:\WINDOWS\SYSTEM32\IPHLPAPI.DLL
0x74fb0000 - 0x74fb7000 	C:\WINDOWS\System32\NSI.dll
0x71d70000 - 0x71d83000 	C:\WINDOWS\SYSTEM32\dhcpcsvc6.DLL
0x71c50000 - 0x71c64000 	C:\WINDOWS\SYSTEM32\dhcpcsvc.DLL
0x60cc0000 - 0x60ccf000 	C:\Program Files (x86)\Arduino\java\bin\nio.dll
0x26330000 - 0x2636d000 	C:\Users\Abhi\AppData\Local\Temp\jna-2033922\jna9070481285089263033.dll
0x60c80000 - 0x60cb9000 	C:\Program Files (x86)\Arduino\java\bin\fontmanager.dll
0x60c40000 - 0x60c72000 	C:\Program Files (x86)\Arduino\java\bin\t2k.dll
0x70a00000 - 0x70a22000 	C:\WINDOWS\SYSTEM32\DEVOBJ.dll
0x74890000 - 0x748d4000 	C:\WINDOWS\System32\WINTRUST.dll
0x75950000 - 0x7595e000 	C:\WINDOWS\System32\MSASN1.dll
0x75030000 - 0x751ad000 	C:\WINDOWS\System32\CRYPT32.dll
0x60bd0000 - 0x60c39000 	C:\Program Files (x86)\Arduino\msvcp100.dll
0x5c820000 - 0x5c8de000 	C:\Program Files (x86)\Arduino\msvcr100.dll
0x28040000 - 0x28072000 	C:\Program Files (x86)\Arduino\lib\AStylej.dll
0x603e0000 - 0x60404000 	C:\Program Files (x86)\Arduino\java\bin\dcpr.dll
0x758c0000 - 0x75944000 	C:\WINDOWS\System32\clbcatq.dll
0x6b9d0000 - 0x6bb3e000 	C:\WINDOWS\SYSTEM32\WindowsCodecs.dll
0x6e030000 - 0x6e074000 	C:\WINDOWS\system32\dataexchange.dll
0x6dad0000 - 0x6dbe3000 	C:\WINDOWS\system32\dcomp.dll
0x67ee0000 - 0x6810f000 	C:\WINDOWS\system32\d3d11.dll
0x67e50000 - 0x67ed4000 	C:\WINDOWS\system32\dxgi.dll
0x6def0000 - 0x6dfe1000 	C:\WINDOWS\system32\twinapi.appcore.dll
0x70010000 - 0x7008c000 	C:\WINDOWS\SYSTEM32\DNSAPI.dll
0x6f090000 - 0x6f098000 	C:\Windows\System32\rasadhlp.dll
0x6f040000 - 0x6f089000 	C:\WINDOWS\System32\fwpuclnt.dll
0x60b20000 - 0x60b40000 	C:\Program Files (x86)\Arduino\java\bin\sunec.dll
0x61020000 - 0x61029000 	C:\Program Files (x86)\Arduino\java\bin\sunmscapi.dll
0x60b00000 - 0x60b12000 	C:\WINDOWS\system32\napinsp.dll
0x60480000 - 0x60496000 	C:\WINDOWS\system32\pnrpnsp.dll
0x6f020000 - 0x6f034000 	C:\WINDOWS\system32\NLAapi.dll
0x60470000 - 0x6047c000 	C:\WINDOWS\System32\winrnr.dll
0x5dc70000 - 0x5dc81000 	C:\WINDOWS\System32\wshbth.dll
0x744a0000 - 0x74585000 	C:\WINDOWS\System32\COMDLG32.dll
0x702d0000 - 0x7041f000 	C:\WINDOWS\system32\propsys.dll
0x2c830000 - 0x2c8ab000 	C:\Program Files (x86)\Common Files\microsoft shared\ink\tiptsf.dll
0x59340000 - 0x5937d000 	C:\WINDOWS\SYSTEM32\edputil.dll
0x59460000 - 0x59521000 	C:\WINDOWS\SYSTEM32\ntshrui.dll
0x59440000 - 0x5945c000 	C:\WINDOWS\SYSTEM32\srvcli.dll
0x6e500000 - 0x6e50f000 	C:\WINDOWS\SYSTEM32\cscapi.dll
0x772d0000 - 0x77313000 	C:\Windows\System32\thumbcache.dll
0x2e640000 - 0x2e83f000 	C:\Users\Abhi\AppData\Local\Microsoft\OneDrive\17.3.6743.1212\FileSyncShell.dll
0x66f00000 - 0x66f71000 	C:\Users\Abhi\AppData\Local\Microsoft\OneDrive\17.3.6743.1212\MSVCP120.dll
0x6f570000 - 0x6f79f000 	C:\WINDOWS\SYSTEM32\WININET.dll
0x66d30000 - 0x66e1e000 	C:\Users\Abhi\AppData\Local\Microsoft\OneDrive\17.3.6743.1212\MSVCR120.dll
0x6dea0000 - 0x6deb8000 	C:\Users\Abhi\AppData\Local\Microsoft\OneDrive\17.3.6743.1212\LoggingPlatform.DLL
0x67cf0000 - 0x67d3f000 	C:\Users\Abhi\AppData\Local\Microsoft\OneDrive\17.3.6743.1212\Telemetry.dll
0x66c80000 - 0x66ca1000 	C:\WINDOWS\SYSTEM32\Cabinet.dll
0x73a20000 - 0x73ac0000 	C:\WINDOWS\SYSTEM32\WINHTTP.dll
0x6b5c0000 - 0x6b5ff000 	C:\WINDOWS\SYSTEM32\policymanager.dll
0x67c80000 - 0x67ce7000 	C:\WINDOWS\SYSTEM32\msvcp110_win.dll
0x2e9d0000 - 0x2ebae000 	C:\Program Files (x86)\Microsoft Office\root\Office16\GROOVEEX.DLL
0x2e840000 - 0x2e8ae000 	C:\WINDOWS\SYSTEM32\MSVCP140.dll
0x59060000 - 0x59075000 	C:\WINDOWS\SYSTEM32\VCRUNTIME140.dll
0x50da0000 - 0x5112b000 	C:\WINDOWS\SYSTEM32\msi.dll
0x2edd0000 - 0x2f651000 	C:\Program Files (x86)\Microsoft Office\root\Office16\1033\GrooveIntlResource.dll
0x50030000 - 0x50042000 	C:\WINDOWS\system32\mssprxy.dll
0x707c0000 - 0x70854000 	C:\WINDOWS\WinSxS\x86_microsoft.windows.common-controls_6595b64144ccf1df_5.82.14393.447_none_5507ded2cb4f7f4c\comctl32.dll
0x609b0000 - 0x60af5000 	C:\WINDOWS\SYSTEM32\dbghelp.dll

VM Arguments:
jvm_args: -Dsun.java2d.d3d=false -Djna.nosys=true -DAPP_DIR=C:\Program Files (x86)\Arduino -Xms128M -Xmx512M 
java_command: processing.app.Base C:\Abhi\ParkIO\SW\Blink\Blink.ino
java_class_path (initial): C:\Program Files (x86)\Arduino\lib\apple.jar;C:\Program Files (x86)\Arduino\lib\arduino-core.jar;C:\Program Files (x86)\Arduino\lib\batik-1.8.jar;C:\Program Files (x86)\Arduino\lib\batik-anim-1.8.jar;C:\Program Files (x86)\Arduino\lib\batik-awt-util-1.8.jar;C:\Program Files (x86)\Arduino\lib\batik-bridge-1.8.jar;C:\Program Files (x86)\Arduino\lib\batik-codec-1.8.jar;C:\Program Files (x86)\Arduino\lib\batik-css-1.8.jar;C:\Program Files (x86)\Arduino\lib\batik-dom-1.8.jar;C:\Program Files (x86)\Arduino\lib\batik-ext-1.8.jar;C:\Program Files (x86)\Arduino\lib\batik-gvt-1.8.jar;C:\Program Files (x86)\Arduino\lib\batik-parser-1.8.jar;C:\Program Files (x86)\Arduino\lib\batik-rasterizer-1.8.jar;C:\Program Files (x86)\Arduino\lib\batik-script-1.8.jar;C:\Program Files (x86)\Arduino\lib\batik-squiggle-1.8.jar;C:\Program Files (x86)\Arduino\lib\batik-svg-dom-1.8.jar;C:\Program Files (x86)\Arduino\lib\batik-svgpp-1.8.jar;C:\Program Files (x86)\Arduino\lib\batik-transcoder-1.8.jar;C:\Program Files (x86)\Arduino\lib\batik-util-1.8.jar;C:\Program Files (x86)\Arduino\lib\batik-xml-1.8.jar;C:\Program Files (x86)\Arduino\lib\bcpg-jdk15on-152.jar;C:\Program Files (x86)\Arduino\lib\bcprov-jdk15on-152.jar;C:\Program Files (x86)\Arduino\lib\commons-codec-1.7.jar;C:\Program Files (x86)\Arduino\lib\commons-compress-1.8.jar;C:\Program Files (x86)\Arduino\lib\commons-exec-1.1.jar;C:\Program Files (x86)\Arduino\lib\commons-httpclient-3.1.jar;C:\Program Files (x86)\Arduino\lib\commons-lang3-3.3.2.jar;C:\Program Files (x86)\Arduino\lib\commons-logging-1.0.4.jar;C:\Program Files (x86)\Arduino\lib\commons-net-3.3.jar;C:\Program Files (x86)\Arduino\lib\jackson-annotations-2.6.3.jar;C:\Program Files (x86)\Arduino\lib\jackson-core-2.6.3.jar;C:\Program Files (x86)\Arduino\lib\jackson-databind-2.6.3.jar;C:\Program Files (x86)\Arduino\lib\jackson-module-mrbean-2.6.3.jar;C:\Program Files (x86)\Arduino\lib\java-semver-0.8.0.jar;C:\Program Files (x86)\Arduino\lib\jmdns-3.4.1.j
Launcher Type: SUN_STANDARD

Environment Variables:
PATH=C:\Program Files (x86)\Intel\iCLS Client\;C:\Program Files\Intel\iCLS Client\;C:\WINDOWS\system32;C:\WINDOWS;C:\WINDOWS\System32\Wbem;C:\WINDOWS\System32\WindowsPowerShell\v1.0\;C:\Program Files (x86)\Skype\Phone\;C:\Program Files\Git\cmd;C:\Program Files\Git\mingw64\bin;C:\Program Files\Git\usr\bin;C:\Program Files (x86)\Intel\Intel(R) Management Engine Components\DAL;C:\Program Files\Intel\Intel(R) Management Engine Components\DAL;C:\Program Files (x86)\Intel\Intel(R) Management Engine Components\IPT;C:\Program Files\Intel\Intel(R) Management Engine Components\IPT;C:\Program Files\Intel\WiFi\bin\;C:\Program Files\Common Files\Intel\WirelessCommon\;C:\Users\Abhi\AppData\Local\Microsoft\WindowsApps;C:\cygnus\cygwin-b20\H-i586-cygwin32\bin;C:\Program Files (x86)\Arduino\java\bin
USERNAME=Abhi
OS=Windows_NT
PROCESSOR_IDENTIFIER=Intel64 Family 6 Model 78 Stepping 3, GenuineIntel



---------------  S Y S T E M  ---------------

OS: Windows 10.0 , 64 bit Build 14393 (10.0.14393.0)

CPU:total 4 (2 cores per cpu, 2 threads per core) family 6 model 78 stepping 3, cmov, cx8, fxsr, mmx, sse, sse2, sse3, ssse3, sse4.1, sse4.2, popcnt, avx, avx2, aes, clmul, erms, 3dnowpref, lzcnt, ht, tsc, tscinvbit, bmi1, bmi2, adx

Memory: 4k page, physical 8233576k(2317092k free), swap 12296808k(4503632k free)

vm_info: Java HotSpot(TM) Client VM (25.92-b14) for windows-x86 JRE (1.8.0_92-b14), built on Mar 31 2016 21:09:21 by "java_re" with MS VC++ 10.0 (VS2010)

time: Sat Jan 21 00:06:05 2017
elapsed time: 2399 seconds (0d 0h 39m 59s)

