#
# A fatal error has been detected by the Java Runtime Environment:
#
#  EXCEPTION_ACCESS_VIOLATION (0xc0000005) at pc=0x617493cd, pid=6860, tid=0x00002f68
#
# JRE version: Java(TM) SE Runtime Environment (8.0_92-b14) (build 1.8.0_92-b14)
# Java VM: Java HotSpot(TM) Client VM (25.92-b14 mixed mode windows-x86 )
# Problematic frame:
# C  [listSerialsj.dll+0x93cd]
#
# Failed to write core dump. Minidumps are not enabled by default on client versions of Windows
#
# If you would like to submit a bug report, please visit:
#   http://bugreport.java.com/bugreport/crash.jsp
# The crash happened outside the Java Virtual Machine in native code.
# See problematic frame for where to report the bug.
#

---------------  T H R E A D  ---------------

Current thread (0x274c3400):  JavaThread "cc.arduino.packages.discoverers.serial.SerialBoardsLister" [_thread_in_native, id=12136, stack(0x271f0000,0x27240000)]

siginfo: ExceptionCode=0xc0000005, writing address 0x00000000

Registers:
EAX=0x00000000, EBX=0x00000810, ECX=0x00000000, EDX=0x00000001
ESP=0x2723ec00, EBP=0x2723f058, ESI=0x00000001, EDI=0x0139a828
EIP=0x617493cd, EFLAGS=0x00010246

Top of Stack: (sp=0x2723ec00)
0x2723ec00:   01502630 0000002e 00000002 00000000
0x2723ec10:   00000003 00000000 00000000 74a7d7b8
0x2723ec20:   00000002 01399c60 0000006c 74a8a540
0x2723ec30:   01502640 00000000 0139a570 00000067
0x2723ec40:   73ecc070 00000007 0000003a 00000002
0x2723ec50:   00000001 0000006c 0000000a 00000000
0x2723ec60:   0593d370 0ff5d3a8 354d4f43 0093d300
0x2723ec70:   00425355 059400e0 b553cf86 00011bb1 

Instructions: (pc=0x617493cd)
0x617493ad:   8b 45 08 8b 90 94 00 00 00 85 d2 74 16 8b 40 2c
0x617493bd:   c7 44 24 04 2e 00 00 00 89 04 24 e8 73 14 00 00
0x617493cd:   c6 00 00 8d 85 04 fc ff ff 89 44 24 18 8d 85 0a
0x617493dd:   fc ff ff 89 44 24 10 a1 e4 01 75 61 c7 85 04 fc 


Register to memory mapping:

EAX=0x00000000 is an unknown value
EBX=0x00000810 is an unknown value
ECX=0x00000000 is an unknown value
EDX=0x00000001 is an unknown value
ESP=0x2723ec00 is pointing into the stack for thread: 0x274c3400
EBP=0x2723f058 is pointing into the stack for thread: 0x274c3400
ESI=0x00000001 is an unknown value
EDI=0x0139a828 is an unknown value


Stack: [0x271f0000,0x27240000],  sp=0x2723ec00,  free space=315k
Native frames: (J=compiled Java code, j=interpreted, Vv=VM code, C=native code)
C  [listSerialsj.dll+0x93cd]
C  [listSerialsj.dll+0x2211]

Java frames: (J=compiled Java code, j=interpreted, Vv=VM code)
j  processing.app.Platform.listSerialsNative()[Ljava/lang/String;+0
j  processing.app.Platform.listSerials()Ljava/util/List;+5
j  cc.arduino.packages.discoverers.serial.SerialBoardsLister.retriggerDiscovery(Z)V+22
j  cc.arduino.packages.discoverers.serial.SerialBoardsLister.run()V+9
j  java.util.TimerThread.mainLoop()V+221
j  java.util.TimerThread.run()V+1
v  ~StubRoutines::call_stub

---------------  P R O C E S S  ---------------

Java Threads: ( => current thread )
  0x27597400 JavaThread "Keep-Alive-Timer" daemon [_thread_blocked, id=15292, stack(0x02c30000,0x02c80000)]
  0x27598000 JavaThread "DestroyJavaVM" [_thread_blocked, id=10228, stack(0x02c80000,0x02cd0000)]
  0x2759c000 JavaThread "Timer-0" [_thread_blocked, id=3780, stack(0x29880000,0x298d0000)]
  0x2759a800 JavaThread "TimerQueue" daemon [_thread_blocked, id=12696, stack(0x297f0000,0x29840000)]
  0x27598c00 JavaThread "Image Fetcher 0" daemon [_thread_blocked, id=12664, stack(0x29110000,0x29160000)]
  0x27596800 JavaThread "Image Fetcher 3" daemon [_thread_blocked, id=1896, stack(0x28690000,0x286e0000)]
  0x27598800 JavaThread "Batik CleanerThread" daemon [_thread_blocked, id=7516, stack(0x28600000,0x28650000)]
  0x2759d400 JavaThread "JmDNS(100-64-186-10.local.).Timer" daemon [_thread_blocked, id=15304, stack(0x282f0000,0x28340000)]
  0x2758e800 JavaThread "JmDNS(100-64-186-10.local.).State.Timer" [_thread_blocked, id=14988, stack(0x28260000,0x282b0000)]
  0x2758e400 JavaThread "JmDNS(100-64-186-10.local.).Timer" daemon [_thread_blocked, id=13916, stack(0x281d0000,0x28220000)]
  0x2758dc00 JavaThread "SocketListener(100-64-186-10.local.)" daemon [_thread_in_native, id=5744, stack(0x28140000,0x28190000)]
  0x2758f000 JavaThread "JmDNS(fe80:0:0:0:ed76:8948:b7f9:dea5%wlan0.local.).Timer" daemon [_thread_blocked, id=14480, stack(0x280b0000,0x28100000)]
  0x2758f400 JavaThread "JmDNS(fe80:0:0:0:ed76:8948:b7f9:dea5%wlan0.local.).State.Timer" [_thread_blocked, id=9584, stack(0x28020000,0x28070000)]
  0x27590800 JavaThread "JmDNS(fe80:0:0:0:ed76:8948:b7f9:dea5%wlan0.local.).Timer" daemon [_thread_blocked, id=10568, stack(0x27f90000,0x27fe0000)]
  0x27590400 JavaThread "SocketListener(fe80:0:0:0:ed76:8948:b7f9:dea5%wlan0.local.)" daemon [_thread_in_native, id=1468, stack(0x27f00000,0x27f50000)]
  0x2758cc00 JavaThread "AWT-EventQueue-0" [_thread_blocked, id=4636, stack(0x27e70000,0x27ec0000)]
  0x2758c800 JavaThread "AWT-Shutdown" [_thread_blocked, id=14084, stack(0x27e20000,0x27e70000)]
  0x274c8800 JavaThread "cc.arduino.packages.discoverers.network.BoardReachabilityFilter" [_thread_blocked, id=6296, stack(0x27cd0000,0x27d20000)]
  0x274c8000 JavaThread "cc.arduino.packages.discoverers.network.NetworkChecker" [_thread_in_native, id=15276, stack(0x27c40000,0x27c90000)]
=>0x274c3400 JavaThread "cc.arduino.packages.discoverers.serial.SerialBoardsLister" [_thread_in_native, id=12136, stack(0x271f0000,0x27240000)]
  0x264b0c00 JavaThread "AWT-Windows" daemon [_thread_in_native, id=2580, stack(0x26990000,0x269e0000)]
  0x264b0000 JavaThread "Java2D Disposer" daemon [_thread_blocked, id=13620, stack(0x26870000,0x268c0000)]
  0x25821000 JavaThread "Service Thread" daemon [_thread_blocked, id=14300, stack(0x26260000,0x262b0000)]
  0x2582c400 JavaThread "C1 CompilerThread0" daemon [_thread_blocked, id=14532, stack(0x261d0000,0x26220000)]
  0x2582b000 JavaThread "Attach Listener" daemon [_thread_blocked, id=14872, stack(0x26140000,0x26190000)]
  0x25829400 JavaThread "Signal Dispatcher" daemon [_thread_blocked, id=12060, stack(0x260b0000,0x26100000)]
  0x2580a400 JavaThread "Finalizer" daemon [_thread_blocked, id=14136, stack(0x25f30000,0x25f80000)]
  0x257f4800 JavaThread "Reference Handler" daemon [_thread_blocked, id=916, stack(0x25ea0000,0x25ef0000)]

Other Threads:
  0x02ede800 VMThread [stack: 0x25e10000,0x25e60000] [id=3536]
  0x25825000 WatcherThread [stack: 0x262f0000,0x26340000] [id=6272]

VM state:not at safepoint (normal execution)

VM Mutex/Monitor currently owned by a thread: None

Heap:
 def new generation   total 39424K, used 12730K [0x05200000, 0x07cc0000, 0x0fca0000)
  eden space 35072K,  23% used [0x05200000, 0x05a2e930, 0x07440000)
  from space 4352K, 100% used [0x07880000, 0x07cc0000, 0x07cc0000)
  to   space 4352K,   0% used [0x07440000, 0x07440000, 0x07880000)
 tenured generation   total 87424K, used 16718K [0x0fca0000, 0x15200000, 0x25200000)
   the space 87424K,  19% used [0x0fca0000, 0x10cf3b58, 0x10cf3c00, 0x15200000)
 Metaspace       used 17514K, capacity 17950K, committed 18048K, reserved 18816K

Card table byte_map: [0x25200000,0x25310000] byte_map_base: 0x251d7000

Polling page: 0x02d90000

CodeCache: size=32768Kb used=2525Kb max_used=2525Kb free=30242Kb
 bounds [0x030b0000, 0x03328000, 0x050b0000]
 total_blobs=1586 nmethods=1317 adapters=199
 compilation: enabled

Compilation events (10 events):
Event: 2.831 Thread 0x2582c400 1332             java.util.logging.LogManager$LoggerContext::getOwner (5 bytes)
Event: 2.831 Thread 0x2582c400 nmethod 1332 0x03326848 code [0x03326940, 0x033269c0]
Event: 2.835 Thread 0x2582c400 1333             java.util.concurrent.locks.AbstractQueuedSynchronizer::getState (5 bytes)
Event: 2.835 Thread 0x2582c400 nmethod 1333 0x03326a08 code [0x03326b00, 0x03326b80]
Event: 3.837 Thread 0x2582c400 1334             java.util.concurrent.locks.AbstractQueuedSynchronizer::compareAndSetState (13 bytes)
Event: 3.837 Thread 0x2582c400 nmethod 1334 0x03326bc8 code [0x03326cc0, 0x03326d60]
Event: 4.255 Thread 0x2582c400 1335             java.util.LinkedList::node (65 bytes)
Event: 4.255 Thread 0x2582c400 nmethod 1335 0x03326dc8 code [0x03326ed0, 0x03326fb0]
Event: 4.718 Thread 0x2582c400 1336             javax.jmdns.impl.DNSOutgoing$MessageOutputStream::writeUTF (207 bytes)
Event: 4.719 Thread 0x2582c400 nmethod 1336 0x03327088 code [0x03327200, 0x0332756c]

GC Heap History (8 events):
Event: 0.980 GC heap before
{Heap before GC invocations=0 (full 0):
 def new generation   total 39296K, used 34944K [0x05200000, 0x07ca0000, 0x0fca0000)
  eden space 34944K, 100% used [0x05200000, 0x07420000, 0x07420000)
  from space 4352K,   0% used [0x07420000, 0x07420000, 0x07860000)
  to   space 4352K,   0% used [0x07860000, 0x07860000, 0x07ca0000)
 tenured generation   total 87424K, used 0K [0x0fca0000, 0x15200000, 0x25200000)
   the space 87424K,   0% used [0x0fca0000, 0x0fca0000, 0x0fca0200, 0x15200000)
 Metaspace       used 9663K, capacity 9830K, committed 9984K, reserved 10624K
Event: 0.990 GC heap after
Heap after GC invocations=1 (full 0):
 def new generation   total 39296K, used 4352K [0x05200000, 0x07ca0000, 0x0fca0000)
  eden space 34944K,   0% used [0x05200000, 0x05200000, 0x07420000)
  from space 4352K, 100% used [0x07860000, 0x07ca0000, 0x07ca0000)
  to   space 4352K,   0% used [0x07420000, 0x07420000, 0x07860000)
 tenured generation   total 87424K, used 2804K [0x0fca0000, 0x15200000, 0x25200000)
   the space 87424K,   3% used [0x0fca0000, 0x0ff5d3a8, 0x0ff5d400, 0x15200000)
 Metaspace       used 9663K, capacity 9830K, committed 9984K, reserved 10624K
}
Event: 1.558 GC heap before
{Heap before GC invocations=1 (full 0):
 def new generation   total 39296K, used 39296K [0x05200000, 0x07ca0000, 0x0fca0000)
  eden space 34944K, 100% used [0x05200000, 0x07420000, 0x07420000)
  from space 4352K, 100% used [0x07860000, 0x07ca0000, 0x07ca0000)
  to   space 4352K,   0% used [0x07420000, 0x07420000, 0x07860000)
 tenured generation   total 87424K, used 2804K [0x0fca0000, 0x15200000, 0x25200000)
   the space 87424K,   3% used [0x0fca0000, 0x0ff5d3a8, 0x0ff5d400, 0x15200000)
 Metaspace       used 11318K, capacity 11631K, committed 11648K, reserved 11648K
Event: 1.581 GC heap after
Heap after GC invocations=2 (full 0):
 def new generation   total 39296K, used 4352K [0x05200000, 0x07ca0000, 0x0fca0000)
  eden space 34944K,   0% used [0x05200000, 0x05200000, 0x07420000)
  from space 4352K, 100% used [0x07420000, 0x07860000, 0x07860000)
  to   space 4352K,   0% used [0x07860000, 0x07860000, 0x07ca0000)
 tenured generation   total 87424K, used 9016K [0x0fca0000, 0x15200000, 0x25200000)
   the space 87424K,  10% used [0x0fca0000, 0x1056e1a8, 0x1056e200, 0x15200000)
 Metaspace       used 11318K, capacity 11631K, committed 11648K, reserved 11648K
}
Event: 1.960 GC heap before
{Heap before GC invocations=2 (full 0):
 def new generation   total 39296K, used 15169K [0x05200000, 0x07ca0000, 0x0fca0000)
  eden space 34944K,  30% used [0x05200000, 0x05c904e8, 0x07420000)
  from space 4352K, 100% used [0x07420000, 0x07860000, 0x07860000)
  to   space 4352K,   0% used [0x07860000, 0x07860000, 0x07ca0000)
 tenured generation   total 87424K, used 9016K [0x0fca0000, 0x15200000, 0x25200000)
   the space 87424K,  10% used [0x0fca0000, 0x1056e1a8, 0x1056e200, 0x15200000)
 Metaspace       used 11916K, capacity 12262K, committed 12288K, reserved 12672K
Event: 1.984 GC heap after
Heap after GC invocations=3 (full 1):
 def new generation   total 39424K, used 0K [0x05200000, 0x07cc0000, 0x0fca0000)
  eden space 35072K,   0% used [0x05200000, 0x05200000, 0x07440000)
  from space 4352K,   0% used [0x07440000, 0x07440000, 0x07880000)
  to   space 4352K,   0% used [0x07880000, 0x07880000, 0x07cc0000)
 tenured generation   total 87424K, used 14549K [0x0fca0000, 0x15200000, 0x25200000)
   the space 87424K,  16% used [0x0fca0000, 0x10ad5518, 0x10ad5600, 0x15200000)
 Metaspace       used 11916K, capacity 12262K, committed 12288K, reserved 12672K
}
Event: 2.726 GC heap before
{Heap before GC invocations=3 (full 1):
 def new generation   total 39424K, used 35072K [0x05200000, 0x07cc0000, 0x0fca0000)
  eden space 35072K, 100% used [0x05200000, 0x07440000, 0x07440000)
  from space 4352K,   0% used [0x07440000, 0x07440000, 0x07880000)
  to   space 4352K,   0% used [0x07880000, 0x07880000, 0x07cc0000)
 tenured generation   total 87424K, used 14549K [0x0fca0000, 0x15200000, 0x25200000)
   the space 87424K,  16% used [0x0fca0000, 0x10ad5518, 0x10ad5600, 0x15200000)
 Metaspace       used 16991K, capacity 17401K, committed 17536K, reserved 17792K
Event: 2.739 GC heap after
Heap after GC invocations=4 (full 1):
 def new generation   total 39424K, used 4352K [0x05200000, 0x07cc0000, 0x0fca0000)
  eden space 35072K,   0% used [0x05200000, 0x05200000, 0x07440000)
  from space 4352K, 100% used [0x07880000, 0x07cc0000, 0x07cc0000)
  to   space 4352K,   0% used [0x07440000, 0x07440000, 0x07880000)
 tenured generation   total 87424K, used 16718K [0x0fca0000, 0x15200000, 0x25200000)
   the space 87424K,  19% used [0x0fca0000, 0x10cf3b58, 0x10cf3c00, 0x15200000)
 Metaspace       used 16991K, capacity 17401K, committed 17536K, reserved 17792K
}

Deoptimization events (0 events):
No events

Internal exceptions (10 events):
Event: 1.616 Thread 0x02dad800 Exception <a 'sun/nio/fs/WindowsException'> (0x0533c248) thrown at [C:\workspace\8-2-build-windows-i586-cygwin\jdk8u92\6642\hotspot\src\share\vm\prims\jni.cpp, line 709]
Event: 1.616 Thread 0x02dad800 Exception <a 'sun/nio/fs/WindowsException'> (0x0533c968) thrown at [C:\workspace\8-2-build-windows-i586-cygwin\jdk8u92\6642\hotspot\src\share\vm\prims\jni.cpp, line 709]
Event: 1.617 Thread 0x02dad800 Exception <a 'sun/nio/fs/WindowsException'> (0x05347878) thrown at [C:\workspace\8-2-build-windows-i586-cygwin\jdk8u92\6642\hotspot\src\share\vm\prims\jni.cpp, line 709]
Event: 1.618 Thread 0x02dad800 Exception <a 'sun/nio/fs/WindowsException'> (0x05347f70) thrown at [C:\workspace\8-2-build-windows-i586-cygwin\jdk8u92\6642\hotspot\src\share\vm\prims\jni.cpp, line 709]
Event: 1.619 Thread 0x02dad800 Exception <a 'sun/nio/fs/WindowsException'> (0x05352768) thrown at [C:\workspace\8-2-build-windows-i586-cygwin\jdk8u92\6642\hotspot\src\share\vm\prims\jni.cpp, line 709]
Event: 1.619 Thread 0x02dad800 Exception <a 'sun/nio/fs/WindowsException'> (0x05380768) thrown at [C:\workspace\8-2-build-windows-i586-cygwin\jdk8u92\6642\hotspot\src\share\vm\prims\jni.cpp, line 709]
Event: 1.620 Thread 0x02dad800 Exception <a 'sun/nio/fs/WindowsException'> (0x0538b938) thrown at [C:\workspace\8-2-build-windows-i586-cygwin\jdk8u92\6642\hotspot\src\share\vm\prims\jni.cpp, line 709]
Event: 1.620 Thread 0x02dad800 Exception <a 'sun/nio/fs/WindowsException'> (0x0538bfe0) thrown at [C:\workspace\8-2-build-windows-i586-cygwin\jdk8u92\6642\hotspot\src\share\vm\prims\jni.cpp, line 709]
Event: 1.621 Thread 0x02dad800 Exception <a 'sun/nio/fs/WindowsException'> (0x05397608) thrown at [C:\workspace\8-2-build-windows-i586-cygwin\jdk8u92\6642\hotspot\src\share\vm\prims\jni.cpp, line 709]
Event: 1.621 Thread 0x02dad800 Exception <a 'sun/nio/fs/WindowsException'> (0x05397c60) thrown at [C:\workspace\8-2-build-windows-i586-cygwin\jdk8u92\6642\hotspot\src\share\vm\prims\jni.cpp, line 709]

Events (10 events):
Event: 4.255 loading class cc/arduino/packages/BoardPort
Event: 4.255 loading class cc/arduino/packages/BoardPort done
Event: 4.356 loading class com/sun/java/swing/plaf/windows/AnimationController$1
Event: 4.356 loading class com/sun/java/swing/plaf/windows/AnimationController$1 done
Event: 4.719 Executing VM operation: RevokeBias
Event: 4.719 Executing VM operation: RevokeBias done
Event: 4.719 loading class javax/jmdns/impl/tasks/state/Announcer
Event: 4.719 loading class javax/jmdns/impl/tasks/state/Announcer done
Event: 4.924 Executing VM operation: RevokeBias
Event: 4.924 Executing VM operation: RevokeBias done


Dynamic libraries:
0x00070000 - 0x000a3000 	C:\Program Files (x86)\Arduino\java\bin\javaw.exe
0x77100000 - 0x77283000 	C:\WINDOWS\SYSTEM32\ntdll.dll
0x74e70000 - 0x74f50000 	C:\WINDOWS\System32\KERNEL32.DLL
0x75400000 - 0x755a1000 	C:\WINDOWS\System32\KERNELBASE.dll
0x755b0000 - 0x75627000 	C:\WINDOWS\System32\ADVAPI32.dll
0x73e70000 - 0x73f2e000 	C:\WINDOWS\System32\msvcrt.dll
0x75250000 - 0x75291000 	C:\WINDOWS\System32\sechost.dll
0x73be0000 - 0x73ca1000 	C:\WINDOWS\System32\RPCRT4.dll
0x73bc0000 - 0x73bde000 	C:\WINDOWS\System32\SspiCli.dll
0x73bb0000 - 0x73bba000 	C:\WINDOWS\System32\CRYPTBASE.dll
0x74f50000 - 0x74faa000 	C:\WINDOWS\System32\bcryptPrimitives.dll
0x752a0000 - 0x753ff000 	C:\WINDOWS\System32\USER32.dll
0x75a60000 - 0x75a75000 	C:\WINDOWS\System32\win32u.dll
0x75680000 - 0x756ab000 	C:\WINDOWS\System32\GDI32.dll
0x756e0000 - 0x7583b000 	C:\WINDOWS\System32\gdi32full.dll
0x6e2d0000 - 0x6e4da000 	C:\WINDOWS\WinSxS\x86_microsoft.windows.common-controls_6595b64144ccf1df_6.0.14393.447_none_89c64d28dafea4b9\COMCTL32.dll
0x76ee0000 - 0x770f1000 	C:\WINDOWS\System32\combase.dll
0x73d30000 - 0x73e10000 	C:\WINDOWS\System32\ucrtbase.dll
0x756b0000 - 0x756d5000 	C:\WINDOWS\System32\IMM32.DLL
0x60d90000 - 0x60e4f000 	C:\Program Files (x86)\Arduino\java\bin\msvcr100.dll
0x5ca30000 - 0x5cdfb000 	C:\Program Files (x86)\Arduino\java\bin\client\jvm.dll
0x76e60000 - 0x76e66000 	C:\WINDOWS\System32\PSAPI.DLL
0x6e4e0000 - 0x6e4e8000 	C:\WINDOWS\SYSTEM32\WSOCK32.dll
0x76e70000 - 0x76ed3000 	C:\WINDOWS\System32\WS2_32.dll
0x70550000 - 0x70574000 	C:\WINDOWS\SYSTEM32\WINMM.dll
0x73b40000 - 0x73b48000 	C:\WINDOWS\SYSTEM32\VERSION.dll
0x70520000 - 0x70543000 	C:\WINDOWS\SYSTEM32\WINMMBASE.dll
0x74590000 - 0x745c6000 	C:\WINDOWS\System32\cfgmgr32.dll
0x61020000 - 0x61051000 	C:\Program Files (x86)\Arduino\java\bin\splashscreen.dll
0x704a0000 - 0x70515000 	C:\WINDOWS\system32\uxtheme.dll
0x6e010000 - 0x6e01c000 	C:\Program Files (x86)\Arduino\java\bin\verify.dll
0x60d60000 - 0x60d81000 	C:\Program Files (x86)\Arduino\java\bin\java.dll
0x745d0000 - 0x74705000 	C:\WINDOWS\System32\MSCTF.dll
0x74710000 - 0x747a4000 	C:\WINDOWS\System32\OLEAUT32.dll
0x73cb0000 - 0x73d2b000 	C:\WINDOWS\System32\msvcp_win.dll
0x66cb0000 - 0x66cc3000 	C:\Program Files (x86)\Arduino\java\bin\zip.dll
0x75960000 - 0x7596d000 	C:\WINDOWS\System32\kernel.appcore.dll
0x75a80000 - 0x76e59000 	C:\WINDOWS\System32\SHELL32.dll
0x73f30000 - 0x7449e000 	C:\WINDOWS\System32\windows.storage.dll
0x747b0000 - 0x747f5000 	C:\WINDOWS\System32\powrprof.dll
0x75630000 - 0x75676000 	C:\WINDOWS\System32\shlwapi.dll
0x74800000 - 0x74888000 	C:\WINDOWS\System32\shcore.dll
0x74fc0000 - 0x74fcf000 	C:\WINDOWS\System32\profapi.dll
0x60c10000 - 0x60d55000 	C:\Program Files (x86)\Arduino\java\bin\awt.dll
0x700e0000 - 0x70172000 	C:\WINDOWS\SYSTEM32\apphelp.dll
0x70480000 - 0x7049f000 	C:\WINDOWS\system32\dwmapi.dll
0x75970000 - 0x75a5a000 	C:\WINDOWS\System32\ole32.dll
0x61740000 - 0x6176c000 	C:\Program Files (x86)\Arduino\lib\listSerialsj.dll
0x74a60000 - 0x74e6b000 	C:\WINDOWS\System32\SETUPAPI.dll
0x73160000 - 0x73173000 	C:\WINDOWS\SYSTEM32\CRYPTSP.dll
0x73130000 - 0x7315f000 	C:\WINDOWS\system32\rsaenh.dll
0x73110000 - 0x7312b000 	C:\WINDOWS\SYSTEM32\bcrypt.dll
0x71bf0000 - 0x71c0a000 	C:\WINDOWS\SYSTEM32\USERENV.dll
0x60bf0000 - 0x60c06000 	C:\Program Files (x86)\Arduino\java\bin\net.dll
0x6ffc0000 - 0x7000e000 	C:\WINDOWS\system32\mswsock.dll
0x71c70000 - 0x71c9f000 	C:\WINDOWS\SYSTEM32\IPHLPAPI.DLL
0x74fb0000 - 0x74fb7000 	C:\WINDOWS\System32\NSI.dll
0x71d70000 - 0x71d83000 	C:\WINDOWS\SYSTEM32\dhcpcsvc6.DLL
0x71c50000 - 0x71c64000 	C:\WINDOWS\SYSTEM32\dhcpcsvc.DLL
0x6de90000 - 0x6de9f000 	C:\Program Files (x86)\Arduino\java\bin\nio.dll
0x26ac0000 - 0x26afd000 	C:\Users\Abhi\AppData\Local\Temp\jna-2033922\jna2502753947666458594.dll
0x60b00000 - 0x60b39000 	C:\Program Files (x86)\Arduino\java\bin\fontmanager.dll
0x5c9f0000 - 0x5ca22000 	C:\Program Files (x86)\Arduino\java\bin\t2k.dll
0x70010000 - 0x7008c000 	C:\WINDOWS\SYSTEM32\DNSAPI.dll
0x6f090000 - 0x6f098000 	C:\Windows\System32\rasadhlp.dll
0x5c980000 - 0x5c9e9000 	C:\Program Files (x86)\Arduino\msvcp100.dll
0x5c8c0000 - 0x5c97e000 	C:\Program Files (x86)\Arduino\msvcr100.dll
0x28340000 - 0x28372000 	C:\Program Files (x86)\Arduino\lib\AStylej.dll
0x60470000 - 0x60494000 	C:\Program Files (x86)\Arduino\java\bin\dcpr.dll
0x758c0000 - 0x75944000 	C:\WINDOWS\System32\clbcatq.dll
0x6b9d0000 - 0x6bb3e000 	C:\WINDOWS\SYSTEM32\WindowsCodecs.dll
0x6e030000 - 0x6e074000 	C:\WINDOWS\system32\dataexchange.dll
0x67ee0000 - 0x6810f000 	C:\WINDOWS\system32\d3d11.dll
0x6dad0000 - 0x6dbe3000 	C:\WINDOWS\system32\dcomp.dll
0x67e50000 - 0x67ed4000 	C:\WINDOWS\system32\dxgi.dll
0x6def0000 - 0x6dfe1000 	C:\WINDOWS\system32\twinapi.appcore.dll
0x6f040000 - 0x6f089000 	C:\WINDOWS\System32\fwpuclnt.dll
0x70a00000 - 0x70a22000 	C:\WINDOWS\SYSTEM32\DEVOBJ.dll
0x74890000 - 0x748d4000 	C:\WINDOWS\System32\WINTRUST.dll
0x75950000 - 0x7595e000 	C:\WINDOWS\System32\MSASN1.dll
0x75030000 - 0x751ad000 	C:\WINDOWS\System32\CRYPT32.dll
0x609b0000 - 0x60af5000 	C:\WINDOWS\SYSTEM32\dbghelp.dll

VM Arguments:
jvm_args: -Dsun.java2d.d3d=false -Djna.nosys=true -DAPP_DIR=C:\Program Files (x86)\Arduino -Xms128M -Xmx512M 
java_command: processing.app.Base C:\Abhi\ParkIO\SW\ParkIO\ParkIO.ino
java_class_path (initial): C:\Program Files (x86)\Arduino\lib\apple.jar;C:\Program Files (x86)\Arduino\lib\arduino-core.jar;C:\Program Files (x86)\Arduino\lib\batik-1.8.jar;C:\Program Files (x86)\Arduino\lib\batik-anim-1.8.jar;C:\Program Files (x86)\Arduino\lib\batik-awt-util-1.8.jar;C:\Program Files (x86)\Arduino\lib\batik-bridge-1.8.jar;C:\Program Files (x86)\Arduino\lib\batik-codec-1.8.jar;C:\Program Files (x86)\Arduino\lib\batik-css-1.8.jar;C:\Program Files (x86)\Arduino\lib\batik-dom-1.8.jar;C:\Program Files (x86)\Arduino\lib\batik-ext-1.8.jar;C:\Program Files (x86)\Arduino\lib\batik-gvt-1.8.jar;C:\Program Files (x86)\Arduino\lib\batik-parser-1.8.jar;C:\Program Files (x86)\Arduino\lib\batik-rasterizer-1.8.jar;C:\Program Files (x86)\Arduino\lib\batik-script-1.8.jar;C:\Program Files (x86)\Arduino\lib\batik-squiggle-1.8.jar;C:\Program Files (x86)\Arduino\lib\batik-svg-dom-1.8.jar;C:\Program Files (x86)\Arduino\lib\batik-svgpp-1.8.jar;C:\Program Files (x86)\Arduino\lib\batik-transcoder-1.8.jar;C:\Program Files (x86)\Arduino\lib\batik-util-1.8.jar;C:\Program Files (x86)\Arduino\lib\batik-xml-1.8.jar;C:\Program Files (x86)\Arduino\lib\bcpg-jdk15on-152.jar;C:\Program Files (x86)\Arduino\lib\bcprov-jdk15on-152.jar;C:\Program Files (x86)\Arduino\lib\commons-codec-1.7.jar;C:\Program Files (x86)\Arduino\lib\commons-compress-1.8.jar;C:\Program Files (x86)\Arduino\lib\commons-exec-1.1.jar;C:\Program Files (x86)\Arduino\lib\commons-httpclient-3.1.jar;C:\Program Files (x86)\Arduino\lib\commons-lang3-3.3.2.jar;C:\Program Files (x86)\Arduino\lib\commons-logging-1.0.4.jar;C:\Program Files (x86)\Arduino\lib\commons-net-3.3.jar;C:\Program Files (x86)\Arduino\lib\jackson-annotations-2.6.3.jar;C:\Program Files (x86)\Arduino\lib\jackson-core-2.6.3.jar;C:\Program Files (x86)\Arduino\lib\jackson-databind-2.6.3.jar;C:\Program Files (x86)\Arduino\lib\jackson-module-mrbean-2.6.3.jar;C:\Program Files (x86)\Arduino\lib\java-semver-0.8.0.jar;C:\Program Files (x86)\Arduino\lib\jmdns-3.4.1.j
Launcher Type: SUN_STANDARD

Environment Variables:
PATH=C:\Program Files (x86)\Intel\iCLS Client\;C:\Program Files\Intel\iCLS Client\;C:\WINDOWS\system32;C:\WINDOWS;C:\WINDOWS\System32\Wbem;C:\WINDOWS\System32\WindowsPowerShell\v1.0\;C:\Program Files (x86)\Skype\Phone\;C:\Program Files\Git\cmd;C:\Program Files\Git\mingw64\bin;C:\Program Files\Git\usr\bin;C:\Program Files (x86)\Intel\Intel(R) Management Engine Components\DAL;C:\Program Files\Intel\Intel(R) Management Engine Components\DAL;C:\Program Files (x86)\Intel\Intel(R) Management Engine Components\IPT;C:\Program Files\Intel\Intel(R) Management Engine Components\IPT;C:\Program Files\Intel\WiFi\bin\;C:\Program Files\Common Files\Intel\WirelessCommon\;C:\Users\Abhi\AppData\Local\Microsoft\WindowsApps;C:\cygnus\cygwin-b20\H-i586-cygwin32\bin;C:\Program Files (x86)\Arduino\java\bin
USERNAME=Abhi
OS=Windows_NT
PROCESSOR_IDENTIFIER=Intel64 Family 6 Model 78 Stepping 3, GenuineIntel



---------------  S Y S T E M  ---------------

OS: Windows 10.0 , 64 bit Build 14393 (10.0.14393.0)

CPU:total 4 (2 cores per cpu, 2 threads per core) family 6 model 78 stepping 3, cmov, cx8, fxsr, mmx, sse, sse2, sse3, ssse3, sse4.1, sse4.2, popcnt, avx, avx2, aes, clmul, erms, 3dnowpref, lzcnt, ht, tsc, tscinvbit, bmi1, bmi2, adx

Memory: 4k page, physical 8233576k(2257824k free), swap 12296808k(3277372k free)

vm_info: Java HotSpot(TM) Client VM (25.92-b14) for windows-x86 JRE (1.8.0_92-b14), built on Mar 31 2016 21:09:21 by "java_re" with MS VC++ 10.0 (VS2010)

time: Sat Jan 21 11:44:50 2017
elapsed time: 5 seconds (0d 0h 0m 5s)

