#
# A fatal error has been detected by the Java Runtime Environment:
#
#  EXCEPTION_ACCESS_VIOLATION (0xc0000005) at pc=0x617493cd, pid=15064, tid=0x00002830
#
# JRE version: Java(TM) SE Runtime Environment (8.0_92-b14) (build 1.8.0_92-b14)
# Java VM: Java HotSpot(TM) Client VM (25.92-b14 mixed mode windows-x86 )
# Problematic frame:
# C  [listSerialsj.dll+0x93cd]
#
# Failed to write core dump. Minidumps are not enabled by default on client versions of Windows
#
# If you would like to submit a bug report, please visit:
#   http://bugreport.java.com/bugreport/crash.jsp
# The crash happened outside the Java Virtual Machine in native code.
# See problematic frame for where to report the bug.
#

---------------  T H R E A D  ---------------

Current thread (0x2779bc00):  JavaThread "cc.arduino.packages.discoverers.serial.SerialBoardsLister" [_thread_in_native, id=10288, stack(0x28150000,0x281a0000)]

siginfo: ExceptionCode=0xc0000005, writing address 0x00000000

Registers:
EAX=0x00000000, EBX=0x000009f4, ECX=0x00000000, EDX=0x00000001
ESP=0x2819ef10, EBP=0x2819f368, ESI=0x00000001, EDI=0x011027a0
EIP=0x617493cd, EFLAGS=0x00010246

Top of Stack: (sp=0x2819ef10)
0x2819ef10:   015b26d8 0000002e 00000002 00000000
0x2819ef20:   00000003 00000000 00000000 2819f0fc
0x2819ef30:   2819f068 5ca93798 0000006c 74a8a540
0x2819ef40:   015be1d8 00a916de 01102b40 00000067
0x2819ef50:   00000100 00000000 0000003a 00000002
0x2819ef60:   00000001 0000006c 0000000a fffffffe
0x2819ef70:   02c80c40 00000000 354d4f43 00000000
0x2819ef80:   00425355 00000000 ffffffff 77162760 

Instructions: (pc=0x617493cd)
0x617493ad:   8b 45 08 8b 90 94 00 00 00 85 d2 74 16 8b 40 2c
0x617493bd:   c7 44 24 04 2e 00 00 00 89 04 24 e8 73 14 00 00
0x617493cd:   c6 00 00 8d 85 04 fc ff ff 89 44 24 18 8d 85 0a
0x617493dd:   fc ff ff 89 44 24 10 a1 e4 01 75 61 c7 85 04 fc 


Register to memory mapping:

EAX=0x00000000 is an unknown value
EBX=0x000009f4 is an unknown value
ECX=0x00000000 is an unknown value
EDX=0x00000001 is an unknown value
ESP=0x2819ef10 is pointing into the stack for thread: 0x2779bc00
EBP=0x2819f368 is pointing into the stack for thread: 0x2779bc00
ESI=0x00000001 is an unknown value
EDI=0x011027a0 is an unknown value


Stack: [0x28150000,0x281a0000],  sp=0x2819ef10,  free space=315k
Native frames: (J=compiled Java code, j=interpreted, Vv=VM code, C=native code)
C  [listSerialsj.dll+0x93cd]
C  [listSerialsj.dll+0x2211]

Java frames: (J=compiled Java code, j=interpreted, Vv=VM code)
j  processing.app.Platform.listSerialsNative()[Ljava/lang/String;+0
j  processing.app.Platform.listSerials()Ljava/util/List;+5
j  cc.arduino.packages.discoverers.serial.SerialBoardsLister.retriggerDiscovery(Z)V+22
j  cc.arduino.packages.discoverers.serial.SerialBoardsLister.run()V+9
j  java.util.TimerThread.mainLoop()V+221
j  java.util.TimerThread.run()V+1
v  ~StubRoutines::call_stub

---------------  P R O C E S S  ---------------

Java Threads: ( => current thread )
  0x27dd3c00 JavaThread "Timer-1" [_thread_blocked, id=7248, stack(0x013d0000,0x01420000)]
  0x27dd7800 JavaThread "JmDNS(100-64-186-10.local.).Timer" daemon [_thread_blocked, id=12012, stack(0x2a720000,0x2a770000)]
  0x27dd7400 JavaThread "JmDNS(100-64-186-10.local.).State.Timer" [_thread_blocked, id=15344, stack(0x2a690000,0x2a6e0000)]
  0x27dd8c00 JavaThread "JmDNS(100-64-186-10.local.).Timer" daemon [_thread_blocked, id=9172, stack(0x294a0000,0x294f0000)]
  0x27dd6c00 JavaThread "SocketListener(100-64-186-10.local.)" daemon [_thread_in_native, id=14788, stack(0x05090000,0x050e0000)]
  0x27dd4c00 JavaThread "DestroyJavaVM" [_thread_blocked, id=9388, stack(0x02c30000,0x02c80000)]
  0x279c1000 JavaThread "JmDNS(fe80:0:0:0:ed76:8948:b7f9:dea5%wlan0.local.).Timer" daemon [_thread_blocked, id=11556, stack(0x29380000,0x293d0000)]
  0x279c0c00 JavaThread "JmDNS(fe80:0:0:0:ed76:8948:b7f9:dea5%wlan0.local.).State.Timer" [_thread_blocked, id=7012, stack(0x273a0000,0x273f0000)]
  0x279c2c00 JavaThread "JmDNS(fe80:0:0:0:ed76:8948:b7f9:dea5%wlan0.local.).Timer" daemon [_thread_blocked, id=7028, stack(0x02e20000,0x02e70000)]
  0x279c1c00 JavaThread "SocketListener(fe80:0:0:0:ed76:8948:b7f9:dea5%wlan0.local.)" daemon [_thread_in_native, id=12868, stack(0x292f0000,0x29340000)]
  0x279c2400 JavaThread "TimerQueue" daemon [_thread_blocked, id=13680, stack(0x29260000,0x292b0000)]
  0x2790e800 JavaThread "Batik CleanerThread" daemon [_thread_blocked, id=6960, stack(0x28790000,0x287e0000)]
  0x27848400 JavaThread "AWT-EventQueue-0" [_thread_blocked, id=11580, stack(0x28570000,0x285c0000)]
  0x27848000 JavaThread "AWT-Shutdown" [_thread_blocked, id=14104, stack(0x26740000,0x26790000)]
  0x2779d000 JavaThread "cc.arduino.packages.discoverers.network.BoardReachabilityFilter" [_thread_blocked, id=1280, stack(0x28270000,0x282c0000)]
  0x2779c400 JavaThread "cc.arduino.packages.discoverers.network.NetworkChecker" [_thread_blocked, id=10940, stack(0x281e0000,0x28230000)]
=>0x2779bc00 JavaThread "cc.arduino.packages.discoverers.serial.SerialBoardsLister" [_thread_in_native, id=10288, stack(0x28150000,0x281a0000)]
  0x26330c00 JavaThread "AWT-Windows" daemon [_thread_in_native, id=9284, stack(0x26810000,0x26860000)]
  0x262f1000 JavaThread "Java2D Disposer" daemon [_thread_blocked, id=13612, stack(0x266f0000,0x26740000)]
  0x25a9e800 JavaThread "Service Thread" daemon [_thread_blocked, id=2992, stack(0x260e0000,0x26130000)]
  0x25a8b000 JavaThread "C1 CompilerThread0" daemon [_thread_blocked, id=13148, stack(0x26050000,0x260a0000)]
  0x25a89400 JavaThread "Attach Listener" daemon [_thread_blocked, id=15200, stack(0x25fc0000,0x26010000)]
  0x25a87400 JavaThread "Signal Dispatcher" daemon [_thread_blocked, id=14040, stack(0x25f30000,0x25f80000)]
  0x25a6a400 JavaThread "Finalizer" daemon [_thread_blocked, id=8368, stack(0x25db0000,0x25e00000)]
  0x25a54800 JavaThread "Reference Handler" daemon [_thread_blocked, id=11492, stack(0x25d20000,0x25d70000)]

Other Threads:
  0x02d7e800 VMThread [stack: 0x25c90000,0x25ce0000] [id=928]
  0x25a83c00 WatcherThread [stack: 0x26170000,0x261c0000] [id=5808]

VM state:not at safepoint (normal execution)

VM Mutex/Monitor currently owned by a thread: None

Heap:
 def new generation   total 39424K, used 37414K [0x05200000, 0x07cc0000, 0x0fca0000)
  eden space 35072K,  94% used [0x05200000, 0x07249a00, 0x07440000)
  from space 4352K, 100% used [0x07880000, 0x07cc0000, 0x07cc0000)
  to   space 4352K,   0% used [0x07440000, 0x07440000, 0x07880000)
 tenured generation   total 87424K, used 19915K [0x0fca0000, 0x15200000, 0x25200000)
   the space 87424K,  22% used [0x0fca0000, 0x11012eb0, 0x11013000, 0x15200000)
 Metaspace       used 18250K, capacity 18712K, committed 18816K, reserved 18816K

Card table byte_map: [0x050f0000,0x05200000] byte_map_base: 0x050c7000

Polling page: 0x011c0000

CodeCache: size=32768Kb used=3267Kb max_used=3267Kb free=29500Kb
 bounds [0x02fb0000, 0x032e8000, 0x04fb0000]
 total_blobs=2080 nmethods=1805 adapters=205
 compilation: enabled

Compilation events (10 events):
Event: 63.483 Thread 0x25a8b000 1825             java.util.TreeMap::leftOf (13 bytes)
Event: 63.483 Thread 0x25a8b000 nmethod 1825 0x032dca48 code [0x032dcb40, 0x032dcbd0]
Event: 63.493 Thread 0x25a8b000 1827   !         java.nio.channels.spi.AbstractInterruptibleChannel::close (37 bytes)
Event: 63.493 Thread 0x25a8b000 nmethod 1827 0x032dd048 code [0x032dd150, 0x032dd3bc]
Event: 63.497 Thread 0x25a8b000 1828             java.util.HashMap$KeySet::iterator (12 bytes)
Event: 63.497 Thread 0x25a8b000 nmethod 1828 0x032dd488 code [0x032dd590, 0x032dd67c]
Event: 63.497 Thread 0x25a8b000 1829             java.util.HashMap$KeyIterator::<init> (11 bytes)
Event: 63.498 Thread 0x25a8b000 nmethod 1829 0x032dd708 code [0x032dd800, 0x032dd89c]
Event: 63.499 Thread 0x25a8b000 1830   !         sun.font.TrueTypeFont::readBlock (493 bytes)
Event: 63.501 Thread 0x25a8b000 nmethod 1830 0x032dd908 code [0x032ddce0, 0x032df4e4]

GC Heap History (8 events):
Event: 0.911 GC heap before
{Heap before GC invocations=0 (full 0):
 def new generation   total 39296K, used 34944K [0x05200000, 0x07ca0000, 0x0fca0000)
  eden space 34944K, 100% used [0x05200000, 0x07420000, 0x07420000)
  from space 4352K,   0% used [0x07420000, 0x07420000, 0x07860000)
  to   space 4352K,   0% used [0x07860000, 0x07860000, 0x07ca0000)
 tenured generation   total 87424K, used 0K [0x0fca0000, 0x15200000, 0x25200000)
   the space 87424K,   0% used [0x0fca0000, 0x0fca0000, 0x0fca0200, 0x15200000)
 Metaspace       used 9663K, capacity 9862K, committed 9984K, reserved 10624K
Event: 0.921 GC heap after
Heap after GC invocations=1 (full 0):
 def new generation   total 39296K, used 4352K [0x05200000, 0x07ca0000, 0x0fca0000)
  eden space 34944K,   0% used [0x05200000, 0x05200000, 0x07420000)
  from space 4352K, 100% used [0x07860000, 0x07ca0000, 0x07ca0000)
  to   space 4352K,   0% used [0x07420000, 0x07420000, 0x07860000)
 tenured generation   total 87424K, used 2804K [0x0fca0000, 0x15200000, 0x25200000)
   the space 87424K,   3% used [0x0fca0000, 0x0ff5d3f0, 0x0ff5d400, 0x15200000)
 Metaspace       used 9663K, capacity 9862K, committed 9984K, reserved 10624K
}
Event: 1.470 GC heap before
{Heap before GC invocations=1 (full 0):
 def new generation   total 39296K, used 39296K [0x05200000, 0x07ca0000, 0x0fca0000)
  eden space 34944K, 100% used [0x05200000, 0x07420000, 0x07420000)
  from space 4352K, 100% used [0x07860000, 0x07ca0000, 0x07ca0000)
  to   space 4352K,   0% used [0x07420000, 0x07420000, 0x07860000)
 tenured generation   total 87424K, used 2804K [0x0fca0000, 0x15200000, 0x25200000)
   the space 87424K,   3% used [0x0fca0000, 0x0ff5d3f0, 0x0ff5d400, 0x15200000)
 Metaspace       used 11305K, capacity 11631K, committed 11648K, reserved 11648K
Event: 1.489 GC heap after
Heap after GC invocations=2 (full 0):
 def new generation   total 39296K, used 4352K [0x05200000, 0x07ca0000, 0x0fca0000)
  eden space 34944K,   0% used [0x05200000, 0x05200000, 0x07420000)
  from space 4352K, 100% used [0x07420000, 0x07860000, 0x07860000)
  to   space 4352K,   0% used [0x07860000, 0x07860000, 0x07ca0000)
 tenured generation   total 87424K, used 8993K [0x0fca0000, 0x15200000, 0x25200000)
   the space 87424K,  10% used [0x0fca0000, 0x10568748, 0x10568800, 0x15200000)
 Metaspace       used 11305K, capacity 11631K, committed 11648K, reserved 11648K
}
Event: 1.974 GC heap before
{Heap before GC invocations=2 (full 0):
 def new generation   total 39296K, used 17699K [0x05200000, 0x07ca0000, 0x0fca0000)
  eden space 34944K,  38% used [0x05200000, 0x05f08ed8, 0x07420000)
  from space 4352K, 100% used [0x07420000, 0x07860000, 0x07860000)
  to   space 4352K,   0% used [0x07860000, 0x07860000, 0x07ca0000)
 tenured generation   total 87424K, used 8993K [0x0fca0000, 0x15200000, 0x25200000)
   the space 87424K,  10% used [0x0fca0000, 0x10568748, 0x10568800, 0x15200000)
 Metaspace       used 11915K, capacity 12282K, committed 12288K, reserved 12672K
Event: 2.000 GC heap after
Heap after GC invocations=3 (full 1):
 def new generation   total 39424K, used 0K [0x05200000, 0x07cc0000, 0x0fca0000)
  eden space 35072K,   0% used [0x05200000, 0x05200000, 0x07440000)
  from space 4352K,   0% used [0x07440000, 0x07440000, 0x07880000)
  to   space 4352K,   0% used [0x07880000, 0x07880000, 0x07cc0000)
 tenured generation   total 87424K, used 15134K [0x0fca0000, 0x15200000, 0x25200000)
   the space 87424K,  17% used [0x0fca0000, 0x10b678b8, 0x10b67a00, 0x15200000)
 Metaspace       used 11915K, capacity 12282K, committed 12288K, reserved 12672K
}
Event: 2.838 GC heap before
{Heap before GC invocations=3 (full 1):
 def new generation   total 39424K, used 35072K [0x05200000, 0x07cc0000, 0x0fca0000)
  eden space 35072K, 100% used [0x05200000, 0x07440000, 0x07440000)
  from space 4352K,   0% used [0x07440000, 0x07440000, 0x07880000)
  to   space 4352K,   0% used [0x07880000, 0x07880000, 0x07cc0000)
 tenured generation   total 87424K, used 15134K [0x0fca0000, 0x15200000, 0x25200000)
   the space 87424K,  17% used [0x0fca0000, 0x10b678b8, 0x10b67a00, 0x15200000)
 Metaspace       used 17415K, capacity 17854K, committed 17920K, reserved 18816K
Event: 2.848 GC heap after
Heap after GC invocations=4 (full 1):
 def new generation   total 39424K, used 4352K [0x05200000, 0x07cc0000, 0x0fca0000)
  eden space 35072K,   0% used [0x05200000, 0x05200000, 0x07440000)
  from space 4352K, 100% used [0x07880000, 0x07cc0000, 0x07cc0000)
  to   space 4352K,   0% used [0x07440000, 0x07440000, 0x07880000)
 tenured generation   total 87424K, used 19915K [0x0fca0000, 0x15200000, 0x25200000)
   the space 87424K,  22% used [0x0fca0000, 0x11012eb0, 0x11013000, 0x15200000)
 Metaspace       used 17415K, capacity 17854K, committed 17920K, reserved 18816K
}

Deoptimization events (0 events):
No events

Internal exceptions (10 events):
Event: 63.220 Thread 0x279c0400 Exception <a 'sun/nio/fs/WindowsException'> (0x06410e00) thrown at [C:\workspace\8-2-build-windows-i586-cygwin\jdk8u92\6642\hotspot\src\share\vm\prims\jni.cpp, line 709]
Event: 63.221 Thread 0x279c0400 Exception <a 'sun/nio/fs/WindowsException'> (0x06411520) thrown at [C:\workspace\8-2-build-windows-i586-cygwin\jdk8u92\6642\hotspot\src\share\vm\prims\jni.cpp, line 709]
Event: 63.223 Thread 0x279c0400 Exception <a 'sun/nio/fs/WindowsException'> (0x0641c6e8) thrown at [C:\workspace\8-2-build-windows-i586-cygwin\jdk8u92\6642\hotspot\src\share\vm\prims\jni.cpp, line 709]
Event: 63.223 Thread 0x279c0400 Exception <a 'sun/nio/fs/WindowsException'> (0x0641cde0) thrown at [C:\workspace\8-2-build-windows-i586-cygwin\jdk8u92\6642\hotspot\src\share\vm\prims\jni.cpp, line 709]
Event: 63.225 Thread 0x279c0400 Exception <a 'sun/nio/fs/WindowsException'> (0x06427890) thrown at [C:\workspace\8-2-build-windows-i586-cygwin\jdk8u92\6642\hotspot\src\share\vm\prims\jni.cpp, line 709]
Event: 63.225 Thread 0x279c0400 Exception <a 'sun/nio/fs/WindowsException'> (0x06427f88) thrown at [C:\workspace\8-2-build-windows-i586-cygwin\jdk8u92\6642\hotspot\src\share\vm\prims\jni.cpp, line 709]
Event: 63.227 Thread 0x279c0400 Exception <a 'sun/nio/fs/WindowsException'> (0x06433a88) thrown at [C:\workspace\8-2-build-windows-i586-cygwin\jdk8u92\6642\hotspot\src\share\vm\prims\jni.cpp, line 709]
Event: 63.227 Thread 0x279c0400 Exception <a 'sun/nio/fs/WindowsException'> (0x06434130) thrown at [C:\workspace\8-2-build-windows-i586-cygwin\jdk8u92\6642\hotspot\src\share\vm\prims\jni.cpp, line 709]
Event: 63.229 Thread 0x279c0400 Exception <a 'sun/nio/fs/WindowsException'> (0x0643f938) thrown at [C:\workspace\8-2-build-windows-i586-cygwin\jdk8u92\6642\hotspot\src\share\vm\prims\jni.cpp, line 709]
Event: 63.229 Thread 0x279c0400 Exception <a 'sun/nio/fs/WindowsException'> (0x0643ff90) thrown at [C:\workspace\8-2-build-windows-i586-cygwin\jdk8u92\6642\hotspot\src\share\vm\prims\jni.cpp, line 709]

Events (10 events):
Event: 72.780 Executing VM operation: RevokeBias done
Event: 72.780 Executing VM operation: BulkRevokeBias
Event: 72.780 Executing VM operation: BulkRevokeBias done
Event: 72.781 Executing VM operation: RevokeBias
Event: 72.781 Executing VM operation: RevokeBias done
Event: 72.781 Thread 0x27dd8000 Thread exited: 0x27dd8000
Event: 75.768 Executing VM operation: RevokeBias
Event: 75.769 Executing VM operation: RevokeBias done
Event: 75.809 Executing VM operation: RevokeBias
Event: 75.809 Executing VM operation: RevokeBias done


Dynamic libraries:
0x00070000 - 0x000a3000 	C:\Program Files (x86)\Arduino\java\bin\javaw.exe
0x77100000 - 0x77283000 	C:\WINDOWS\SYSTEM32\ntdll.dll
0x74e70000 - 0x74f50000 	C:\WINDOWS\System32\KERNEL32.DLL
0x75400000 - 0x755a1000 	C:\WINDOWS\System32\KERNELBASE.dll
0x755b0000 - 0x75627000 	C:\WINDOWS\System32\ADVAPI32.dll
0x73e70000 - 0x73f2e000 	C:\WINDOWS\System32\msvcrt.dll
0x75250000 - 0x75291000 	C:\WINDOWS\System32\sechost.dll
0x73be0000 - 0x73ca1000 	C:\WINDOWS\System32\RPCRT4.dll
0x73bc0000 - 0x73bde000 	C:\WINDOWS\System32\SspiCli.dll
0x73bb0000 - 0x73bba000 	C:\WINDOWS\System32\CRYPTBASE.dll
0x74f50000 - 0x74faa000 	C:\WINDOWS\System32\bcryptPrimitives.dll
0x752a0000 - 0x753ff000 	C:\WINDOWS\System32\USER32.dll
0x75a60000 - 0x75a75000 	C:\WINDOWS\System32\win32u.dll
0x75680000 - 0x756ab000 	C:\WINDOWS\System32\GDI32.dll
0x756e0000 - 0x7583b000 	C:\WINDOWS\System32\gdi32full.dll
0x6e2d0000 - 0x6e4da000 	C:\WINDOWS\WinSxS\x86_microsoft.windows.common-controls_6595b64144ccf1df_6.0.14393.447_none_89c64d28dafea4b9\COMCTL32.dll
0x76ee0000 - 0x770f1000 	C:\WINDOWS\System32\combase.dll
0x73d30000 - 0x73e10000 	C:\WINDOWS\System32\ucrtbase.dll
0x756b0000 - 0x756d5000 	C:\WINDOWS\System32\IMM32.DLL
0x60d90000 - 0x60e4f000 	C:\Program Files (x86)\Arduino\java\bin\msvcr100.dll
0x5ca30000 - 0x5cdfb000 	C:\Program Files (x86)\Arduino\java\bin\client\jvm.dll
0x76e60000 - 0x76e66000 	C:\WINDOWS\System32\PSAPI.DLL
0x70550000 - 0x70574000 	C:\WINDOWS\SYSTEM32\WINMM.dll
0x73b40000 - 0x73b48000 	C:\WINDOWS\SYSTEM32\VERSION.dll
0x6e4e0000 - 0x6e4e8000 	C:\WINDOWS\SYSTEM32\WSOCK32.dll
0x76e70000 - 0x76ed3000 	C:\WINDOWS\System32\WS2_32.dll
0x70520000 - 0x70543000 	C:\WINDOWS\SYSTEM32\WINMMBASE.dll
0x74590000 - 0x745c6000 	C:\WINDOWS\System32\cfgmgr32.dll
0x61020000 - 0x61051000 	C:\Program Files (x86)\Arduino\java\bin\splashscreen.dll
0x704a0000 - 0x70515000 	C:\WINDOWS\system32\uxtheme.dll
0x6e010000 - 0x6e01c000 	C:\Program Files (x86)\Arduino\java\bin\verify.dll
0x745d0000 - 0x74705000 	C:\WINDOWS\System32\MSCTF.dll
0x74710000 - 0x747a4000 	C:\WINDOWS\System32\OLEAUT32.dll
0x73cb0000 - 0x73d2b000 	C:\WINDOWS\System32\msvcp_win.dll
0x60d60000 - 0x60d81000 	C:\Program Files (x86)\Arduino\java\bin\java.dll
0x66cb0000 - 0x66cc3000 	C:\Program Files (x86)\Arduino\java\bin\zip.dll
0x75960000 - 0x7596d000 	C:\WINDOWS\System32\kernel.appcore.dll
0x75a80000 - 0x76e59000 	C:\WINDOWS\System32\SHELL32.dll
0x73f30000 - 0x7449e000 	C:\WINDOWS\System32\windows.storage.dll
0x747b0000 - 0x747f5000 	C:\WINDOWS\System32\powrprof.dll
0x75630000 - 0x75676000 	C:\WINDOWS\System32\shlwapi.dll
0x74800000 - 0x74888000 	C:\WINDOWS\System32\shcore.dll
0x74fc0000 - 0x74fcf000 	C:\WINDOWS\System32\profapi.dll
0x60c10000 - 0x60d55000 	C:\Program Files (x86)\Arduino\java\bin\awt.dll
0x700e0000 - 0x70172000 	C:\WINDOWS\SYSTEM32\apphelp.dll
0x70480000 - 0x7049f000 	C:\WINDOWS\system32\dwmapi.dll
0x75970000 - 0x75a5a000 	C:\WINDOWS\System32\ole32.dll
0x61740000 - 0x6176c000 	C:\Program Files (x86)\Arduino\lib\listSerialsj.dll
0x74a60000 - 0x74e6b000 	C:\WINDOWS\System32\SETUPAPI.dll
0x73160000 - 0x73173000 	C:\WINDOWS\SYSTEM32\CRYPTSP.dll
0x73130000 - 0x7315f000 	C:\WINDOWS\system32\rsaenh.dll
0x73110000 - 0x7312b000 	C:\WINDOWS\SYSTEM32\bcrypt.dll
0x71bf0000 - 0x71c0a000 	C:\WINDOWS\SYSTEM32\USERENV.dll
0x60bf0000 - 0x60c06000 	C:\Program Files (x86)\Arduino\java\bin\net.dll
0x6ffc0000 - 0x7000e000 	C:\WINDOWS\system32\mswsock.dll
0x71c70000 - 0x71c9f000 	C:\WINDOWS\SYSTEM32\IPHLPAPI.DLL
0x74fb0000 - 0x74fb7000 	C:\WINDOWS\System32\NSI.dll
0x71d70000 - 0x71d83000 	C:\WINDOWS\SYSTEM32\dhcpcsvc6.DLL
0x71c50000 - 0x71c64000 	C:\WINDOWS\SYSTEM32\dhcpcsvc.DLL
0x6de90000 - 0x6de9f000 	C:\Program Files (x86)\Arduino\java\bin\nio.dll
0x27220000 - 0x2725d000 	C:\Users\Abhi\AppData\Local\Temp\jna-2033922\jna3411418146367508254.dll
0x60b00000 - 0x60b39000 	C:\Program Files (x86)\Arduino\java\bin\fontmanager.dll
0x5c9f0000 - 0x5ca22000 	C:\Program Files (x86)\Arduino\java\bin\t2k.dll
0x70010000 - 0x7008c000 	C:\WINDOWS\SYSTEM32\DNSAPI.dll
0x6f090000 - 0x6f098000 	C:\Windows\System32\rasadhlp.dll
0x5c980000 - 0x5c9e9000 	C:\Program Files (x86)\Arduino\msvcp100.dll
0x5c8c0000 - 0x5c97e000 	C:\Program Files (x86)\Arduino\msvcr100.dll
0x285c0000 - 0x285f2000 	C:\Program Files (x86)\Arduino\lib\AStylej.dll
0x60470000 - 0x60494000 	C:\Program Files (x86)\Arduino\java\bin\dcpr.dll
0x758c0000 - 0x75944000 	C:\WINDOWS\System32\clbcatq.dll
0x6b9d0000 - 0x6bb3e000 	C:\WINDOWS\SYSTEM32\WindowsCodecs.dll
0x6e030000 - 0x6e074000 	C:\WINDOWS\system32\dataexchange.dll
0x67ee0000 - 0x6810f000 	C:\WINDOWS\system32\d3d11.dll
0x6dad0000 - 0x6dbe3000 	C:\WINDOWS\system32\dcomp.dll
0x67e50000 - 0x67ed4000 	C:\WINDOWS\system32\dxgi.dll
0x6def0000 - 0x6dfe1000 	C:\WINDOWS\system32\twinapi.appcore.dll
0x6f040000 - 0x6f089000 	C:\WINDOWS\System32\fwpuclnt.dll
0x70a00000 - 0x70a22000 	C:\WINDOWS\SYSTEM32\DEVOBJ.dll
0x609b0000 - 0x60af5000 	C:\WINDOWS\SYSTEM32\dbghelp.dll

VM Arguments:
jvm_args: -Dsun.java2d.d3d=false -Djna.nosys=true -DAPP_DIR=C:\Program Files (x86)\Arduino -Xms128M -Xmx512M 
java_command: processing.app.Base C:\Abhi\ParkIO\SW\ParkIO\ParkIO.ino
java_class_path (initial): C:\Program Files (x86)\Arduino\lib\apple.jar;C:\Program Files (x86)\Arduino\lib\arduino-core.jar;C:\Program Files (x86)\Arduino\lib\batik-1.8.jar;C:\Program Files (x86)\Arduino\lib\batik-anim-1.8.jar;C:\Program Files (x86)\Arduino\lib\batik-awt-util-1.8.jar;C:\Program Files (x86)\Arduino\lib\batik-bridge-1.8.jar;C:\Program Files (x86)\Arduino\lib\batik-codec-1.8.jar;C:\Program Files (x86)\Arduino\lib\batik-css-1.8.jar;C:\Program Files (x86)\Arduino\lib\batik-dom-1.8.jar;C:\Program Files (x86)\Arduino\lib\batik-ext-1.8.jar;C:\Program Files (x86)\Arduino\lib\batik-gvt-1.8.jar;C:\Program Files (x86)\Arduino\lib\batik-parser-1.8.jar;C:\Program Files (x86)\Arduino\lib\batik-rasterizer-1.8.jar;C:\Program Files (x86)\Arduino\lib\batik-script-1.8.jar;C:\Program Files (x86)\Arduino\lib\batik-squiggle-1.8.jar;C:\Program Files (x86)\Arduino\lib\batik-svg-dom-1.8.jar;C:\Program Files (x86)\Arduino\lib\batik-svgpp-1.8.jar;C:\Program Files (x86)\Arduino\lib\batik-transcoder-1.8.jar;C:\Program Files (x86)\Arduino\lib\batik-util-1.8.jar;C:\Program Files (x86)\Arduino\lib\batik-xml-1.8.jar;C:\Program Files (x86)\Arduino\lib\bcpg-jdk15on-152.jar;C:\Program Files (x86)\Arduino\lib\bcprov-jdk15on-152.jar;C:\Program Files (x86)\Arduino\lib\commons-codec-1.7.jar;C:\Program Files (x86)\Arduino\lib\commons-compress-1.8.jar;C:\Program Files (x86)\Arduino\lib\commons-exec-1.1.jar;C:\Program Files (x86)\Arduino\lib\commons-httpclient-3.1.jar;C:\Program Files (x86)\Arduino\lib\commons-lang3-3.3.2.jar;C:\Program Files (x86)\Arduino\lib\commons-logging-1.0.4.jar;C:\Program Files (x86)\Arduino\lib\commons-net-3.3.jar;C:\Program Files (x86)\Arduino\lib\jackson-annotations-2.6.3.jar;C:\Program Files (x86)\Arduino\lib\jackson-core-2.6.3.jar;C:\Program Files (x86)\Arduino\lib\jackson-databind-2.6.3.jar;C:\Program Files (x86)\Arduino\lib\jackson-module-mrbean-2.6.3.jar;C:\Program Files (x86)\Arduino\lib\java-semver-0.8.0.jar;C:\Program Files (x86)\Arduino\lib\jmdns-3.4.1.j
Launcher Type: SUN_STANDARD

Environment Variables:
PATH=C:\Program Files (x86)\Intel\iCLS Client\;C:\Program Files\Intel\iCLS Client\;C:\WINDOWS\system32;C:\WINDOWS;C:\WINDOWS\System32\Wbem;C:\WINDOWS\System32\WindowsPowerShell\v1.0\;C:\Program Files (x86)\Skype\Phone\;C:\Program Files\Git\cmd;C:\Program Files\Git\mingw64\bin;C:\Program Files\Git\usr\bin;C:\Program Files (x86)\Intel\Intel(R) Management Engine Components\DAL;C:\Program Files\Intel\Intel(R) Management Engine Components\DAL;C:\Program Files (x86)\Intel\Intel(R) Management Engine Components\IPT;C:\Program Files\Intel\Intel(R) Management Engine Components\IPT;C:\Program Files\Intel\WiFi\bin\;C:\Program Files\Common Files\Intel\WirelessCommon\;C:\Users\Abhi\AppData\Local\Microsoft\WindowsApps;C:\cygnus\cygwin-b20\H-i586-cygwin32\bin;C:\Program Files (x86)\Arduino\java\bin
USERNAME=Abhi
OS=Windows_NT
PROCESSOR_IDENTIFIER=Intel64 Family 6 Model 78 Stepping 3, GenuineIntel



---------------  S Y S T E M  ---------------

OS: Windows 10.0 , 64 bit Build 14393 (10.0.14393.0)

CPU:total 4 (2 cores per cpu, 2 threads per core) family 6 model 78 stepping 3, cmov, cx8, fxsr, mmx, sse, sse2, sse3, ssse3, sse4.1, sse4.2, popcnt, avx, avx2, aes, clmul, erms, 3dnowpref, lzcnt, ht, tsc, tscinvbit, bmi1, bmi2, adx

Memory: 4k page, physical 8233576k(2123668k free), swap 12296808k(3291244k free)

vm_info: Java HotSpot(TM) Client VM (25.92-b14) for windows-x86 JRE (1.8.0_92-b14), built on Mar 31 2016 21:09:21 by "java_re" with MS VC++ 10.0 (VS2010)

time: Sat Jan 21 11:43:46 2017
elapsed time: 83 seconds (0d 0h 1m 23s)

